Logging to ./log/simulation_mnist_alpha0.1_20260210_221237.log
Initializing Simulation with mnist...
Loading mnist and partitioning...
Data loaded.
Initializing Topic Models with noise...
Server started. Training for 250 rounds.

=== Round 1 ===
  [Warm-up] Round 1/20. Training Global Model only.
  [Tier 1] Aggregating 1 updates for Topic 0
  [Fusion] Re-injecting global knowledge into Topic Models (beta=0)...
Global Accuracy: 11.35%

=== Round 2 ===
  [Warm-up] Round 2/20. Training Global Model only.
  [Fusion] Re-injecting global knowledge into Topic Models (beta=0)...
Global Accuracy: 11.35%

=== Round 3 ===
  [Warm-up] Round 3/20. Training Global Model only.
  [Tier 1] Aggregating 1 updates for Topic 0
  [Fusion] Re-injecting global knowledge into Topic Models (beta=0)...
Global Accuracy: 44.82%

=== Round 4 ===
  [Warm-up] Round 4/20. Training Global Model only.
  [Fusion] Re-injecting global knowledge into Topic Models (beta=0)...
Global Accuracy: 44.82%

=== Round 5 ===
  [Warm-up] Round 5/20. Training Global Model only.
  [Fusion] Re-injecting global knowledge into Topic Models (beta=0)...
Global Accuracy: 44.82%

=== Round 6 ===
  [Warm-up] Round 6/20. Training Global Model only.
  [Tier 1] Aggregating 1 updates for Topic 0
  [Fusion] Re-injecting global knowledge into Topic Models (beta=0)...
Global Accuracy: 13.15%

=== Round 7 ===
  [Warm-up] Round 7/20. Training Global Model only.
  [Tier 1] Aggregating 1 updates for Topic 0
  [Fusion] Re-injecting global knowledge into Topic Models (beta=0)...
Global Accuracy: 19.88%

=== Round 8 ===
  [Warm-up] Round 8/20. Training Global Model only.
  [Fusion] Re-injecting global knowledge into Topic Models (beta=0)...
Global Accuracy: 19.88%

=== Round 9 ===
  [Warm-up] Round 9/20. Training Global Model only.
  [Fusion] Re-injecting global knowledge into Topic Models (beta=0)...
Global Accuracy: 19.88%

=== Round 10 ===
  [Warm-up] Round 10/20. Training Global Model only.
  [Tier 2] Buffer full for Topic 0 (5). Aggregating...
  [Fusion] Re-injecting global knowledge into Topic Models (beta=0)...
Global Accuracy: 11.35%

=== Round 11 ===
  [Warm-up] Round 11/20. Training Global Model only.
  [Fusion] Re-injecting global knowledge into Topic Models (beta=0)...
Global Accuracy: 11.35%

=== Round 12 ===
  [Warm-up] Round 12/20. Training Global Model only.
  [Tier 1] Aggregating 1 updates for Topic 0
  [Fusion] Re-injecting global knowledge into Topic Models (beta=0)...
Global Accuracy: 14.20%

=== Round 13 ===
  [Warm-up] Round 13/20. Training Global Model only.
  [Tier 1] Aggregating 1 updates for Topic 0
  [Fusion] Re-injecting global knowledge into Topic Models (beta=0)...
Global Accuracy: 9.74%

=== Round 14 ===
  [Warm-up] Round 14/20. Training Global Model only.
  [Tier 1] Aggregating 1 updates for Topic 0
  [Fusion] Re-injecting global knowledge into Topic Models (beta=0)...
Global Accuracy: 24.69%

=== Round 15 ===
  [Warm-up] Round 15/20. Training Global Model only.
  [Tier 1] Aggregating 1 updates for Topic 0
  [Fusion] Re-injecting global knowledge into Topic Models (beta=0)...
Global Accuracy: 21.12%

=== Round 16 ===
  [Warm-up] Round 16/20. Training Global Model only.
  [Tier 1] Aggregating 1 updates for Topic 0
  [Fusion] Re-injecting global knowledge into Topic Models (beta=0)...
Global Accuracy: 11.06%

=== Round 17 ===
  [Warm-up] Round 17/20. Training Global Model only.
  [Tier 1] Aggregating 1 updates for Topic 0
  [Fusion] Re-injecting global knowledge into Topic Models (beta=0)...
Global Accuracy: 11.35%

=== Round 18 ===
  [Warm-up] Round 18/20. Training Global Model only.
  [Fusion] Re-injecting global knowledge into Topic Models (beta=0)...
Global Accuracy: 11.35%

=== Round 19 ===
  [Warm-up] Round 19/20. Training Global Model only.
  [Tier 1] Aggregating 1 updates for Topic 0
  [Fusion] Re-injecting global knowledge into Topic Models (beta=0)...
Global Accuracy: 11.35%

=== Round 20 ===
  [Warm-up] Round 20/20. Training Global Model only.
  [Tier 1] Aggregating 1 updates for Topic 0
  [Fusion] Re-injecting global knowledge into Topic Models (beta=0)...
Global Accuracy: 19.16%

=== Round 21 ===
  [Tier 1] Aggregating 1 updates for Topic 1
  [Fusion] Re-injecting global knowledge into Topic Models (beta=0)...
Global Accuracy: 19.17%

=== Round 22 ===
  [Tier 3] Client 91 update arrived for Topic 0. Staleness: 20
  [Fusion] Re-injecting global knowledge into Topic Models (beta=0)...
Global Accuracy: 19.20%

=== Round 23 ===
  [Tier 1] Aggregating 1 updates for Topic 0
  [Fusion] Re-injecting global knowledge into Topic Models (beta=0)...
Global Accuracy: 9.58%

=== Round 24 ===
  [Tier 1] Aggregating 1 updates for Topic 1
  [Fusion] Re-injecting global knowledge into Topic Models (beta=0)...
Global Accuracy: 9.58%

=== Round 25 ===
  [Tier 1] Aggregating 1 updates for Topic 2
  [Fusion] Re-injecting global knowledge into Topic Models (beta=0)...
Global Accuracy: 9.58%

=== Round 26 ===
  [Tier 1] Aggregating 1 updates for Topic 0
  [Fusion] Re-injecting global knowledge into Topic Models (beta=0)...
Global Accuracy: 10.28%

=== Round 27 ===
  [Tier 1] Aggregating 1 updates for Topic 1
  [Fusion] Re-injecting global knowledge into Topic Models (beta=0)...
Global Accuracy: 10.28%

=== Round 28 ===
  [Tier 1] Aggregating 1 updates for Topic 1
  [Fusion] Re-injecting global knowledge into Topic Models (beta=0)...
Global Accuracy: 10.28%

=== Round 29 ===
  [Fusion] Re-injecting global knowledge into Topic Models (beta=0)...
Global Accuracy: 10.28%

=== Round 30 ===
  [Tier 1] Aggregating 1 updates for Topic 2
  [Fusion] Re-injecting global knowledge into Topic Models (beta=0)...
Global Accuracy: 10.28%

=== Round 31 ===
  [Fusion] Re-injecting global knowledge into Topic Models (beta=0)...
Global Accuracy: 10.28%

=== Round 32 ===
  [Tier 1] Aggregating 1 updates for Topic 1
  [Fusion] Re-injecting global knowledge into Topic Models (beta=0)...
Global Accuracy: 10.28%

=== Round 33 ===
  [Fusion] Re-injecting global knowledge into Topic Models (beta=0)...
Global Accuracy: 10.28%

=== Round 34 ===
  [Tier 1] Aggregating 1 updates for Topic 1
  [Fusion] Re-injecting global knowledge into Topic Models (beta=0)...
Global Accuracy: 10.28%

=== Round 35 ===
  [Fusion] Re-injecting global knowledge into Topic Models (beta=0)...
Global Accuracy: 10.28%

=== Round 36 ===
  [Tier 2] Buffer full for Topic 0 (5). Aggregating...
  [Fusion] Re-injecting global knowledge into Topic Models (beta=0)...
Global Accuracy: 10.28%

=== Round 37 ===
  [Tier 1] Aggregating 1 updates for Topic 2
  [Fusion] Re-injecting global knowledge into Topic Models (beta=0)...
Global Accuracy: 10.28%

=== Round 38 ===
  [Fusion] Re-injecting global knowledge into Topic Models (beta=0)...
Global Accuracy: 10.28%

=== Round 39 ===
  [Tier 1] Aggregating 1 updates for Topic 1
  [Fusion] Re-injecting global knowledge into Topic Models (beta=0)...
Global Accuracy: 10.28%

=== Round 40 ===
  [Tier 1] Aggregating 1 updates for Topic 2
  [Fusion] Re-injecting global knowledge into Topic Models (beta=0)...
Global Accuracy: 10.28%

=== Round 41 ===
  [Tier 1] Aggregating 1 updates for Topic 2
  [Fusion] Re-injecting global knowledge into Topic Models (beta=0)...
Global Accuracy: 10.28%

=== Round 42 ===
  [Tier 1] Aggregating 1 updates for Topic 2
  [Fusion] Re-injecting global knowledge into Topic Models (beta=0)...
Global Accuracy: 10.28%

=== Round 43 ===
  [Tier 1] Aggregating 1 updates for Topic 2
  [Fusion] Re-injecting global knowledge into Topic Models (beta=0)...
Global Accuracy: 10.28%

=== Round 44 ===
  [Fusion] Re-injecting global knowledge into Topic Models (beta=0)...
Global Accuracy: 10.28%

=== Round 45 ===
  [Fusion] Re-injecting global knowledge into Topic Models (beta=0)...
Global Accuracy: 10.28%

=== Round 46 ===
  [Tier 1] Aggregating 1 updates for Topic 2
  [Fusion] Re-injecting global knowledge into Topic Models (beta=0)...
Global Accuracy: 10.28%

=== Round 47 ===
  [Fusion] Re-injecting global knowledge into Topic Models (beta=0)...
Global Accuracy: 10.28%

=== Round 48 ===
  [Tier 1] Aggregating 1 updates for Topic 1
  [Fusion] Re-injecting global knowledge into Topic Models (beta=0)...
Global Accuracy: 10.28%

=== Round 49 ===
  [Fusion] Re-injecting global knowledge into Topic Models (beta=0)...
Global Accuracy: 10.28%

=== Round 50 ===
>>> [Data Profiling] Updating Soft Clustering...
>>> [Clustering Round] Force Full Sampling to update prototypes...
  [Fusion] Re-injecting global knowledge into Topic Models (beta=0)...
Global Accuracy: 10.28%

=== Round 51 ===
  [Tier 1] Aggregating 1 updates for Topic 2
  [Fusion] Re-injecting global knowledge into Topic Models (beta=0)...
Global Accuracy: 10.28%

=== Round 52 ===
  [Fusion] Re-injecting global knowledge into Topic Models (beta=0)...
Global Accuracy: 10.28%

=== Round 53 ===
  [Tier 1] Aggregating 1 updates for Topic 1
  [Fusion] Re-injecting global knowledge into Topic Models (beta=0)...
Global Accuracy: 10.28%

=== Round 54 ===
  [Fusion] Re-injecting global knowledge into Topic Models (beta=0)...
Global Accuracy: 10.28%

=== Round 55 ===
  [Tier 3] Client 61 update arrived for Topic 0. Staleness: 17
  [Fusion] Re-injecting global knowledge into Topic Models (beta=0)...
Global Accuracy: 10.28%

=== Round 56 ===
  [Fusion] Re-injecting global knowledge into Topic Models (beta=0)...
Global Accuracy: 10.28%

=== Round 57 ===
  [Tier 2] Buffer full for Topic 2 (5). Aggregating...
  [Fusion] Re-injecting global knowledge into Topic Models (beta=0)...
Global Accuracy: 10.28%

=== Round 58 ===
  [Fusion] Re-injecting global knowledge into Topic Models (beta=0)...
Global Accuracy: 10.28%

=== Round 59 ===
  [Fusion] Re-injecting global knowledge into Topic Models (beta=0)...
Global Accuracy: 10.28%

=== Round 60 ===
  [Tier 1] Aggregating 1 updates for Topic 0
  [Fusion] Re-injecting global knowledge into Topic Models (beta=0)...
Global Accuracy: 13.78%

=== Round 61 ===
  [Tier 1] Aggregating 1 updates for Topic 2
  [Fusion] Re-injecting global knowledge into Topic Models (beta=0)...
Global Accuracy: 16.34%

=== Round 62 ===
  [Tier 2] Buffer full for Topic 1 (5). Aggregating...
  [Fusion] Re-injecting global knowledge into Topic Models (beta=0)...
Global Accuracy: 16.42%

=== Round 63 ===
  [Fusion] Re-injecting global knowledge into Topic Models (beta=0)...
Global Accuracy: 16.52%

=== Round 64 ===
  [Fusion] Re-injecting global knowledge into Topic Models (beta=0)...
Global Accuracy: 16.51%

=== Round 65 ===
  [Tier 1] Aggregating 1 updates for Topic 2
  [Tier 3] Client 35 update arrived for Topic 0. Staleness: 20
  [Fusion] Re-injecting global knowledge into Topic Models (beta=0)...
Global Accuracy: 13.61%

=== Round 66 ===
  [Tier 1] Aggregating 1 updates for Topic 0
  [Fusion] Re-injecting global knowledge into Topic Models (beta=0)...
Global Accuracy: 19.49%

=== Round 67 ===
  [Tier 1] Aggregating 1 updates for Topic 1
  [Fusion] Re-injecting global knowledge into Topic Models (beta=0)...
Global Accuracy: 19.66%

=== Round 68 ===
  [Tier 1] Aggregating 1 updates for Topic 0
  [Fusion] Re-injecting global knowledge into Topic Models (beta=0)...
Global Accuracy: 13.25%

=== Round 69 ===
  [Tier 3] Client 79 update arrived for Topic 0. Staleness: 20
  [Fusion] Re-injecting global knowledge into Topic Models (beta=0)...
Global Accuracy: 13.25%

=== Round 70 ===
  [Tier 1] Aggregating 1 updates for Topic 0
  [Tier 3] Client 59 update arrived for Topic 0. Staleness: 20
  [Fusion] Re-injecting global knowledge into Topic Models (beta=0)...
Global Accuracy: 24.31%

=== Round 71 ===
  [Fusion] Re-injecting global knowledge into Topic Models (beta=0)...
Global Accuracy: 24.63%

=== Round 72 ===
  [Tier 1] Aggregating 1 updates for Topic 2
  [Tier 3] Client 59 update arrived for Topic 1. Staleness: 18
  [Fusion] Re-injecting global knowledge into Topic Models (beta=0)...
Global Accuracy: 24.79%

=== Round 73 ===
  [Tier 1] Aggregating 1 updates for Topic 2
  [Fusion] Re-injecting global knowledge into Topic Models (beta=0)...
Global Accuracy: 24.17%

=== Round 74 ===
  [Tier 1] Aggregating 1 updates for Topic 1
  [Fusion] Re-injecting global knowledge into Topic Models (beta=0)...
Global Accuracy: 24.35%

=== Round 75 ===
  [Fusion] Re-injecting global knowledge into Topic Models (beta=0)...
Global Accuracy: 24.35%

=== Round 76 ===
  [Tier 1] Aggregating 1 updates for Topic 0
  [Fusion] Re-injecting global knowledge into Topic Models (beta=0)...
Global Accuracy: 18.36%

=== Round 77 ===
  [Fusion] Re-injecting global knowledge into Topic Models (beta=0)...
Global Accuracy: 18.36%

=== Round 78 ===
  [Fusion] Re-injecting global knowledge into Topic Models (beta=0)...
Global Accuracy: 18.08%

=== Round 79 ===
  [Tier 1] Aggregating 1 updates for Topic 2
  [Fusion] Re-injecting global knowledge into Topic Models (beta=0)...
Global Accuracy: 21.75%

=== Round 80 ===
  [Tier 1] Aggregating 1 updates for Topic 1
  [Fusion] Re-injecting global knowledge into Topic Models (beta=0)...
Global Accuracy: 10.83%

=== Round 81 ===
  [Fusion] Re-injecting global knowledge into Topic Models (beta=0)...
Global Accuracy: 10.84%

=== Round 82 ===
  [Fusion] Re-injecting global knowledge into Topic Models (beta=0)...
Global Accuracy: 10.73%

=== Round 83 ===
  [Tier 1] Aggregating 1 updates for Topic 2
  [Fusion] Re-injecting global knowledge into Topic Models (beta=0)...
Global Accuracy: 10.66%

=== Round 84 ===
  [Tier 1] Aggregating 1 updates for Topic 1
  [Fusion] Re-injecting global knowledge into Topic Models (beta=0)...
Global Accuracy: 11.15%

=== Round 85 ===
  [Fusion] Re-injecting global knowledge into Topic Models (beta=0)...
Global Accuracy: 11.13%

=== Round 86 ===
  [Tier 1] Aggregating 1 updates for Topic 0
  [Fusion] Re-injecting global knowledge into Topic Models (beta=0)...
Global Accuracy: 9.83%

=== Round 87 ===
  [Fusion] Re-injecting global knowledge into Topic Models (beta=0)...
Global Accuracy: 9.81%

=== Round 88 ===
  [Tier 2] Buffer full for Topic 1 (5). Aggregating...
  [Fusion] Re-injecting global knowledge into Topic Models (beta=0)...
Global Accuracy: 9.80%

=== Round 89 ===
  [Tier 1] Aggregating 1 updates for Topic 0
  [Fusion] Re-injecting global knowledge into Topic Models (beta=0)...
Global Accuracy: 10.28%

=== Round 90 ===
  [Fusion] Re-injecting global knowledge into Topic Models (beta=0)...
Global Accuracy: 10.28%

=== Round 91 ===
  [Tier 1] Aggregating 1 updates for Topic 1
  [Fusion] Re-injecting global knowledge into Topic Models (beta=0)...
Global Accuracy: 10.28%

=== Round 92 ===
  [Tier 2] Buffer full for Topic 2 (5). Aggregating...
  [Fusion] Re-injecting global knowledge into Topic Models (beta=0)...
Global Accuracy: 10.28%

=== Round 93 ===
  [Fusion] Re-injecting global knowledge into Topic Models (beta=0)...
Global Accuracy: 10.28%

=== Round 94 ===
  [Tier 1] Aggregating 1 updates for Topic 1
  [Fusion] Re-injecting global knowledge into Topic Models (beta=0)...
Global Accuracy: 10.28%

=== Round 95 ===
  [Tier 1] Aggregating 1 updates for Topic 2
  [Fusion] Re-injecting global knowledge into Topic Models (beta=0)...
Global Accuracy: 10.28%

=== Round 96 ===
  [Tier 3] Client 99 update arrived for Topic 0. Staleness: 19
  [Fusion] Re-injecting global knowledge into Topic Models (beta=0)...
Global Accuracy: 10.28%

=== Round 97 ===
  [Fusion] Re-injecting global knowledge into Topic Models (beta=0)...
Global Accuracy: 10.28%

=== Round 98 ===
  [Tier 1] Aggregating 1 updates for Topic 2
  [Fusion] Re-injecting global knowledge into Topic Models (beta=0)...
Global Accuracy: 10.28%

=== Round 99 ===
  [Tier 1] Aggregating 1 updates for Topic 1
  [Fusion] Re-injecting global knowledge into Topic Models (beta=0)...
Global Accuracy: 10.28%

=== Round 100 ===
>>> [Data Profiling] Updating Soft Clustering...
>>> [Clustering Round] Force Full Sampling to update prototypes...
  [Fusion] Re-injecting global knowledge into Topic Models (beta=0)...
Global Accuracy: 10.28%

=== Round 101 ===
  [Tier 1] Aggregating 1 updates for Topic 2
  [Fusion] Re-injecting global knowledge into Topic Models (beta=0)...
Global Accuracy: 10.28%

=== Round 102 ===
  [Tier 1] Aggregating 1 updates for Topic 2
  [Fusion] Re-injecting global knowledge into Topic Models (beta=0)...
Global Accuracy: 10.28%

=== Round 103 ===
  [Tier 1] Aggregating 1 updates for Topic 2
  [Fusion] Re-injecting global knowledge into Topic Models (beta=0)...
Global Accuracy: 10.28%

=== Round 104 ===
  [Fusion] Re-injecting global knowledge into Topic Models (beta=0)...
Global Accuracy: 10.28%

=== Round 105 ===
  [Tier 2] Buffer full for Topic 0 (5). Aggregating...
  [Fusion] Re-injecting global knowledge into Topic Models (beta=0)...
Global Accuracy: 10.44%

=== Round 106 ===
  [Tier 1] Aggregating 1 updates for Topic 0
  [Fusion] Re-injecting global knowledge into Topic Models (beta=0)...
Global Accuracy: 11.08%

=== Round 107 ===
  [Tier 1] Aggregating 1 updates for Topic 2
  [Fusion] Re-injecting global knowledge into Topic Models (beta=0)...
Global Accuracy: 16.19%

=== Round 108 ===
  [Tier 1] Aggregating 1 updates for Topic 1
  [Fusion] Re-injecting global knowledge into Topic Models (beta=0)...
Global Accuracy: 15.65%

=== Round 109 ===
  [Tier 2] Buffer full for Topic 2 (5). Aggregating...
  [Fusion] Re-injecting global knowledge into Topic Models (beta=0)...
Global Accuracy: 18.22%

=== Round 110 ===
  [Tier 1] Aggregating 1 updates for Topic 1
  [Fusion] Re-injecting global knowledge into Topic Models (beta=0)...
Global Accuracy: 10.78%

=== Round 111 ===
  [Tier 1] Aggregating 1 updates for Topic 0
  [Fusion] Re-injecting global knowledge into Topic Models (beta=0)...
Global Accuracy: 12.80%

=== Round 112 ===
  [Tier 1] Aggregating 1 updates for Topic 2
  [Fusion] Re-injecting global knowledge into Topic Models (beta=0)...
Global Accuracy: 13.04%

=== Round 113 ===
  [Tier 1] Aggregating 1 updates for Topic 1
  [Fusion] Re-injecting global knowledge into Topic Models (beta=0)...
Global Accuracy: 12.25%

=== Round 114 ===
  [Tier 1] Aggregating 1 updates for Topic 2
  [Fusion] Re-injecting global knowledge into Topic Models (beta=0)...
Global Accuracy: 12.25%

=== Round 115 ===
  [Tier 3] Client 50 update arrived for Topic 2. Staleness: 15
  [Fusion] Re-injecting global knowledge into Topic Models (beta=0)...
Global Accuracy: 12.26%

=== Round 116 ===
  [Tier 1] Aggregating 1 updates for Topic 2
  [Fusion] Re-injecting global knowledge into Topic Models (beta=0)...
Global Accuracy: 12.21%

=== Round 117 ===
  [Fusion] Re-injecting global knowledge into Topic Models (beta=0)...
Global Accuracy: 12.21%

=== Round 118 ===
  [Tier 1] Aggregating 1 updates for Topic 0
  [Fusion] Re-injecting global knowledge into Topic Models (beta=0)...
Global Accuracy: 12.08%

=== Round 119 ===
  [Fusion] Re-injecting global knowledge into Topic Models (beta=0)...
Global Accuracy: 12.08%

=== Round 120 ===
  [Tier 1] Aggregating 1 updates for Topic 2
  [Fusion] Re-injecting global knowledge into Topic Models (beta=0)...
Global Accuracy: 12.05%

=== Round 121 ===
  [Tier 1] Aggregating 1 updates for Topic 0
  [Fusion] Re-injecting global knowledge into Topic Models (beta=0)...
Global Accuracy: 12.04%

=== Round 122 ===
  [Tier 1] Aggregating 1 updates for Topic 0
  [Fusion] Re-injecting global knowledge into Topic Models (beta=0)...
Global Accuracy: 21.13%

=== Round 123 ===
  [Fusion] Re-injecting global knowledge into Topic Models (beta=0)...
Global Accuracy: 21.13%

=== Round 124 ===
  [Tier 1] Aggregating 1 updates for Topic 0
  [Fusion] Re-injecting global knowledge into Topic Models (beta=0)...
Global Accuracy: 8.92%

=== Round 125 ===
  [Fusion] Re-injecting global knowledge into Topic Models (beta=0)...
Global Accuracy: 8.92%

=== Round 126 ===
  [Tier 1] Aggregating 1 updates for Topic 1
  [Fusion] Re-injecting global knowledge into Topic Models (beta=0)...
Global Accuracy: 8.92%

=== Round 127 ===
  [Tier 1] Aggregating 1 updates for Topic 1
  [Fusion] Re-injecting global knowledge into Topic Models (beta=0)...
Global Accuracy: 8.92%

=== Round 128 ===
  [Tier 1] Aggregating 1 updates for Topic 0
  [Fusion] Re-injecting global knowledge into Topic Models (beta=0)...
Global Accuracy: 8.92%

=== Round 129 ===
  [Fusion] Re-injecting global knowledge into Topic Models (beta=0)...
Global Accuracy: 8.92%

=== Round 130 ===
  [Fusion] Re-injecting global knowledge into Topic Models (beta=0)...
Global Accuracy: 8.92%

=== Round 131 ===
  [Tier 1] Aggregating 1 updates for Topic 0
  [Tier 3] Client 35 update arrived for Topic 0. Staleness: 14
  [Fusion] Re-injecting global knowledge into Topic Models (beta=0)...
Global Accuracy: 10.58%

=== Round 132 ===
  [Tier 1] Aggregating 1 updates for Topic 2
  [Fusion] Re-injecting global knowledge into Topic Models (beta=0)...
Global Accuracy: 11.03%

=== Round 133 ===
  [Tier 1] Aggregating 1 updates for Topic 1
  [Fusion] Re-injecting global knowledge into Topic Models (beta=0)...
Global Accuracy: 10.46%

=== Round 134 ===
  [Fusion] Re-injecting global knowledge into Topic Models (beta=0)...
Global Accuracy: 10.46%

=== Round 135 ===
  [Fusion] Re-injecting global knowledge into Topic Models (beta=0)...
Global Accuracy: 10.46%

=== Round 136 ===
  [Tier 2] Buffer full for Topic 1 (5). Aggregating...
  [Fusion] Re-injecting global knowledge into Topic Models (beta=0)...
Global Accuracy: 10.78%

=== Round 137 ===
  [Tier 1] Aggregating 1 updates for Topic 1
  [Fusion] Re-injecting global knowledge into Topic Models (beta=0)...
Global Accuracy: 10.66%

=== Round 138 ===
  [Fusion] Re-injecting global knowledge into Topic Models (beta=0)...
Global Accuracy: 10.66%

=== Round 139 ===
  [Fusion] Re-injecting global knowledge into Topic Models (beta=0)...
Global Accuracy: 10.66%

=== Round 140 ===
  [Tier 1] Aggregating 1 updates for Topic 0
  [Fusion] Re-injecting global knowledge into Topic Models (beta=0)...
Global Accuracy: 10.35%

=== Round 141 ===
  [Tier 1] Aggregating 1 updates for Topic 2
  [Fusion] Re-injecting global knowledge into Topic Models (beta=0)...
Global Accuracy: 10.27%

=== Round 142 ===
  [Tier 1] Aggregating 1 updates for Topic 1
  [Fusion] Re-injecting global knowledge into Topic Models (beta=0)...
Global Accuracy: 9.75%

=== Round 143 ===
  [Tier 1] Aggregating 1 updates for Topic 1
  [Fusion] Re-injecting global knowledge into Topic Models (beta=0)...
Global Accuracy: 9.90%

=== Round 144 ===
  [Fusion] Re-injecting global knowledge into Topic Models (beta=0)...
Global Accuracy: 11.03%

=== Round 145 ===
  [Fusion] Re-injecting global knowledge into Topic Models (beta=0)...
Global Accuracy: 9.90%

=== Round 146 ===
  [Tier 1] Aggregating 1 updates for Topic 0
  [Fusion] Re-injecting global knowledge into Topic Models (beta=0)...
Global Accuracy: 10.45%

=== Round 147 ===
  [Fusion] Re-injecting global knowledge into Topic Models (beta=0)...
Global Accuracy: 10.40%

=== Round 148 ===
  [Tier 1] Aggregating 1 updates for Topic 0
  [Fusion] Re-injecting global knowledge into Topic Models (beta=0)...
Global Accuracy: 9.58%

=== Round 149 ===
  [Tier 1] Aggregating 1 updates for Topic 1
  [Tier 3] Client 50 update arrived for Topic 1. Staleness: 19
  [Fusion] Re-injecting global knowledge into Topic Models (beta=0)...
Global Accuracy: 9.58%

=== Round 150 ===
>>> [Data Profiling] Updating Soft Clustering...
>>> [Clustering Round] Force Full Sampling to update prototypes...
  [Tier 1] Aggregating 1 updates for Topic 2
  [Tier 3] Client 91 update arrived for Topic 2. Staleness: 12
  [Fusion] Re-injecting global knowledge into Topic Models (beta=0)...
Global Accuracy: 9.58%

=== Round 151 ===
  [Tier 1] Aggregating 1 updates for Topic 1
  [Fusion] Re-injecting global knowledge into Topic Models (beta=0)...
Global Accuracy: 9.67%

=== Round 152 ===
  [Fusion] Re-injecting global knowledge into Topic Models (beta=0)...
Global Accuracy: 9.67%

=== Round 153 ===
  [Tier 1] Aggregating 1 updates for Topic 0
  [Fusion] Re-injecting global knowledge into Topic Models (beta=0)...
Global Accuracy: 9.73%

=== Round 154 ===
  [Tier 1] Aggregating 1 updates for Topic 2
  [Fusion] Re-injecting global knowledge into Topic Models (beta=0)...
Global Accuracy: 9.76%

=== Round 155 ===
  [Tier 1] Aggregating 1 updates for Topic 0
  [Fusion] Re-injecting global knowledge into Topic Models (beta=0)...
Global Accuracy: 10.01%

=== Round 156 ===
  [Tier 3] Client 42 update arrived for Topic 0. Staleness: 22
  [Fusion] Re-injecting global knowledge into Topic Models (beta=0)...
Global Accuracy: 10.02%

=== Round 157 ===
  [Tier 1] Aggregating 1 updates for Topic 0
  [Fusion] Re-injecting global knowledge into Topic Models (beta=0)...
Global Accuracy: 10.38%

=== Round 158 ===
  [Tier 3] Client 91 update arrived for Topic 0. Staleness: 23
  [Fusion] Re-injecting global knowledge into Topic Models (beta=0)...
Global Accuracy: 10.38%

=== Round 159 ===
  [Fusion] Re-injecting global knowledge into Topic Models (beta=0)...
Global Accuracy: 10.38%

=== Round 160 ===
  [Tier 1] Aggregating 1 updates for Topic 1
  [Fusion] Re-injecting global knowledge into Topic Models (beta=0)...
Global Accuracy: 11.10%

=== Round 161 ===
  [Tier 1] Aggregating 1 updates for Topic 0
  [Fusion] Re-injecting global knowledge into Topic Models (beta=0)...
Global Accuracy: 17.27%

=== Round 162 ===
  [Fusion] Re-injecting global knowledge into Topic Models (beta=0)...
Global Accuracy: 17.27%

=== Round 163 ===
  [Tier 1] Aggregating 1 updates for Topic 0
  [Fusion] Re-injecting global knowledge into Topic Models (beta=0)...
Global Accuracy: 14.94%

=== Round 164 ===
  [Fusion] Re-injecting global knowledge into Topic Models (beta=0)...
Global Accuracy: 14.90%

=== Round 165 ===
  [Tier 1] Aggregating 1 updates for Topic 2
  [Fusion] Re-injecting global knowledge into Topic Models (beta=0)...
Global Accuracy: 14.91%

=== Round 166 ===
  [Fusion] Re-injecting global knowledge into Topic Models (beta=0)...
Global Accuracy: 14.83%

=== Round 167 ===
  [Tier 1] Aggregating 1 updates for Topic 1
  [Fusion] Re-injecting global knowledge into Topic Models (beta=0)...
Global Accuracy: 14.83%

=== Round 168 ===
  [Fusion] Re-injecting global knowledge into Topic Models (beta=0)...
Global Accuracy: 14.89%

=== Round 169 ===
  [Fusion] Re-injecting global knowledge into Topic Models (beta=0)...
Global Accuracy: 14.76%

=== Round 170 ===
  [Tier 1] Aggregating 1 updates for Topic 1
  [Fusion] Re-injecting global knowledge into Topic Models (beta=0)...
Global Accuracy: 14.32%

=== Round 171 ===
  [Tier 1] Aggregating 1 updates for Topic 0
  [Fusion] Re-injecting global knowledge into Topic Models (beta=0)...
Global Accuracy: 13.56%

=== Round 172 ===
  [Tier 1] Aggregating 1 updates for Topic 1
  [Fusion] Re-injecting global knowledge into Topic Models (beta=0)...
Global Accuracy: 13.28%

=== Round 173 ===
  [Tier 1] Aggregating 1 updates for Topic 0
  [Tier 3] Client 46 update arrived for Topic 1. Staleness: 26
  [Tier 3] Client 59 update arrived for Topic 1. Staleness: 15
  [Fusion] Re-injecting global knowledge into Topic Models (beta=0)...
Global Accuracy: 13.28%

=== Round 174 ===
  [Tier 1] Aggregating 1 updates for Topic 2
  [Tier 3] Client 99 update arrived for Topic 0. Staleness: 15
  [Fusion] Re-injecting global knowledge into Topic Models (beta=0)...
Global Accuracy: 16.09%

=== Round 175 ===
  [Fusion] Re-injecting global knowledge into Topic Models (beta=0)...
Global Accuracy: 16.13%

=== Round 176 ===
  [Tier 2] Buffer full for Topic 0 (5). Aggregating...
  [Fusion] Re-injecting global knowledge into Topic Models (beta=0)...
Global Accuracy: 23.31%

=== Round 177 ===
  [Fusion] Re-injecting global knowledge into Topic Models (beta=0)...
Global Accuracy: 23.03%

=== Round 178 ===
  [Tier 1] Aggregating 1 updates for Topic 1
  [Fusion] Re-injecting global knowledge into Topic Models (beta=0)...
Global Accuracy: 17.45%

=== Round 179 ===
  [Tier 1] Aggregating 1 updates for Topic 1
  [Fusion] Re-injecting global knowledge into Topic Models (beta=0)...
Global Accuracy: 20.15%

=== Round 180 ===
  [Tier 2] Buffer full for Topic 2 (5). Aggregating...
  [Fusion] Re-injecting global knowledge into Topic Models (beta=0)...
Global Accuracy: 15.60%

=== Round 181 ===
  [Fusion] Re-injecting global knowledge into Topic Models (beta=0)...
Global Accuracy: 15.61%

=== Round 182 ===
  [Tier 1] Aggregating 1 updates for Topic 1
  [Fusion] Re-injecting global knowledge into Topic Models (beta=0)...
Global Accuracy: 16.11%

=== Round 183 ===
  [Tier 2] Buffer full for Topic 1 (5). Aggregating...
  [Fusion] Re-injecting global knowledge into Topic Models (beta=0)...
Global Accuracy: 17.03%

=== Round 184 ===
  [Tier 1] Aggregating 1 updates for Topic 1
  [Fusion] Re-injecting global knowledge into Topic Models (beta=0)...
Global Accuracy: 17.03%

=== Round 185 ===
  [Tier 1] Aggregating 1 updates for Topic 2
  [Fusion] Re-injecting global knowledge into Topic Models (beta=0)...
Global Accuracy: 12.66%

=== Round 186 ===
  [Tier 1] Aggregating 1 updates for Topic 2
  [Fusion] Re-injecting global knowledge into Topic Models (beta=0)...
Global Accuracy: 12.26%

=== Round 187 ===
  [Tier 1] Aggregating 1 updates for Topic 1
  [Fusion] Re-injecting global knowledge into Topic Models (beta=0)...
Global Accuracy: 12.74%

=== Round 188 ===
  [Tier 1] Aggregating 1 updates for Topic 0
  [Fusion] Re-injecting global knowledge into Topic Models (beta=0)...
Global Accuracy: 12.28%

=== Round 189 ===
  [Tier 1] Aggregating 1 updates for Topic 1
  [Tier 3] Client 54 update arrived for Topic 2. Staleness: 23
  [Fusion] Re-injecting global knowledge into Topic Models (beta=0)...
Global Accuracy: 12.15%

=== Round 190 ===
  [Fusion] Re-injecting global knowledge into Topic Models (beta=0)...
Global Accuracy: 12.15%

=== Round 191 ===
  [Tier 1] Aggregating 1 updates for Topic 2
  [Fusion] Re-injecting global knowledge into Topic Models (beta=0)...
Global Accuracy: 17.16%

=== Round 192 ===
  [Tier 1] Aggregating 1 updates for Topic 0
  [Fusion] Re-injecting global knowledge into Topic Models (beta=0)...
Global Accuracy: 16.40%

=== Round 193 ===
  [Tier 1] Aggregating 1 updates for Topic 2
  [Tier 3] Client 91 update arrived for Topic 0. Staleness: 18
  [Fusion] Re-injecting global knowledge into Topic Models (beta=0)...
Global Accuracy: 11.38%

=== Round 194 ===
  [Tier 1] Aggregating 1 updates for Topic 0
  [Fusion] Re-injecting global knowledge into Topic Models (beta=0)...
Global Accuracy: 12.74%

=== Round 195 ===
  [Tier 1] Aggregating 1 updates for Topic 0
  [Fusion] Re-injecting global knowledge into Topic Models (beta=0)...
Global Accuracy: 12.74%

=== Round 196 ===
  [Tier 1] Aggregating 1 updates for Topic 2
  [Fusion] Re-injecting global knowledge into Topic Models (beta=0)...
Global Accuracy: 11.02%

=== Round 197 ===
  [Fusion] Re-injecting global knowledge into Topic Models (beta=0)...
Global Accuracy: 10.90%

=== Round 198 ===
  [Fusion] Re-injecting global knowledge into Topic Models (beta=0)...
Global Accuracy: 10.90%

=== Round 199 ===
  [Tier 1] Aggregating 1 updates for Topic 1
  [Fusion] Re-injecting global knowledge into Topic Models (beta=0)...
Global Accuracy: 10.68%

=== Round 200 ===
>>> [Data Profiling] Updating Soft Clustering...
>>> [Clustering Round] Force Full Sampling to update prototypes...
  [Tier 2] Buffer full for Topic 0 (5). Aggregating...
  [Fusion] Re-injecting global knowledge into Topic Models (beta=0)...
Global Accuracy: 21.69%

=== Round 201 ===

!!! LR Decay Triggered: 0.01 -> 0.001 !!!

  [Tier 1] Aggregating 1 updates for Topic 0
  [Fusion] Re-injecting global knowledge into Topic Models (beta=0)...
Global Accuracy: 14.32%

=== Round 202 ===
  [Tier 1] Aggregating 1 updates for Topic 0
  [Fusion] Re-injecting global knowledge into Topic Models (beta=0)...
Global Accuracy: 16.11%

=== Round 203 ===
  [Fusion] Re-injecting global knowledge into Topic Models (beta=0)...
Global Accuracy: 16.11%

=== Round 204 ===
  [Tier 1] Aggregating 1 updates for Topic 2
  [Fusion] Re-injecting global knowledge into Topic Models (beta=0)...
Global Accuracy: 16.00%

=== Round 205 ===
  [Fusion] Re-injecting global knowledge into Topic Models (beta=0)...
Global Accuracy: 16.00%

=== Round 206 ===
  [Tier 1] Aggregating 1 updates for Topic 2
  [Fusion] Re-injecting global knowledge into Topic Models (beta=0)...
Global Accuracy: 16.06%

=== Round 207 ===
  [Fusion] Re-injecting global knowledge into Topic Models (beta=0)...
Global Accuracy: 16.08%

=== Round 208 ===
  [Tier 1] Aggregating 1 updates for Topic 1
  [Fusion] Re-injecting global knowledge into Topic Models (beta=0)...
Global Accuracy: 16.05%

=== Round 209 ===
  [Tier 1] Aggregating 1 updates for Topic 0
  [Fusion] Re-injecting global knowledge into Topic Models (beta=0)...
Global Accuracy: 15.52%

=== Round 210 ===
  [Tier 1] Aggregating 1 updates for Topic 0
  [Fusion] Re-injecting global knowledge into Topic Models (beta=0)...
Global Accuracy: 28.53%

=== Round 211 ===
  [Tier 1] Aggregating 1 updates for Topic 0
  [Fusion] Re-injecting global knowledge into Topic Models (beta=0)...
Global Accuracy: 14.06%

=== Round 212 ===
  [Tier 1] Aggregating 1 updates for Topic 1
  [Fusion] Re-injecting global knowledge into Topic Models (beta=0)...
Global Accuracy: 14.45%

=== Round 213 ===
  [Fusion] Re-injecting global knowledge into Topic Models (beta=0)...
Global Accuracy: 14.45%

=== Round 214 ===
  [Tier 1] Aggregating 1 updates for Topic 2
  [Fusion] Re-injecting global knowledge into Topic Models (beta=0)...
Global Accuracy: 14.25%

=== Round 215 ===
  [Fusion] Re-injecting global knowledge into Topic Models (beta=0)...
Global Accuracy: 14.31%

=== Round 216 ===
  [Tier 1] Aggregating 1 updates for Topic 0
  [Fusion] Re-injecting global knowledge into Topic Models (beta=0)...
Global Accuracy: 14.23%

=== Round 217 ===
  [Fusion] Re-injecting global knowledge into Topic Models (beta=0)...
Global Accuracy: 14.10%

=== Round 218 ===
  [Tier 1] Aggregating 1 updates for Topic 2
  [Tier 3] Client 91 update arrived for Topic 0. Staleness: 13
  [Fusion] Re-injecting global knowledge into Topic Models (beta=0)...
