Logging to ./log/simulation_cifar10_alpha0.5_20260210_215621.log
Initializing Simulation with cifar10...
Loading cifar10 and partitioning...
Data loaded.
Initializing Topic Models with noise...
Server started. Training for 250 rounds.

=== Round 1 ===
  [Warm-up] Round 1/20. Training Global Model only.
  [Fusion] Re-injecting global knowledge into Topic Models (beta=0)...
Global Accuracy: 9.90%

=== Round 2 ===
  [Warm-up] Round 2/20. Training Global Model only.
  [Fusion] Re-injecting global knowledge into Topic Models (beta=0)...
Global Accuracy: 9.90%

=== Round 3 ===
  [Warm-up] Round 3/20. Training Global Model only.
  [Fusion] Re-injecting global knowledge into Topic Models (beta=0)...
Global Accuracy: 9.90%

=== Round 4 ===
  [Warm-up] Round 4/20. Training Global Model only.
  [Fusion] Re-injecting global knowledge into Topic Models (beta=0)...
Global Accuracy: 9.90%

=== Round 5 ===
  [Warm-up] Round 5/20. Training Global Model only.
  [Tier 1] Aggregating 1 updates for Topic 0
  [Fusion] Re-injecting global knowledge into Topic Models (beta=0)...
Global Accuracy: 10.00%

=== Round 6 ===
  [Warm-up] Round 6/20. Training Global Model only.
  [Fusion] Re-injecting global knowledge into Topic Models (beta=0)...
Global Accuracy: 10.00%

=== Round 7 ===
  [Warm-up] Round 7/20. Training Global Model only.
  [Tier 1] Aggregating 1 updates for Topic 0
  [Fusion] Re-injecting global knowledge into Topic Models (beta=0)...
Global Accuracy: 10.02%

=== Round 8 ===
  [Warm-up] Round 8/20. Training Global Model only.
  [Tier 2] Buffer full for Topic 0 (5). Aggregating...
  [Fusion] Re-injecting global knowledge into Topic Models (beta=0)...
Global Accuracy: 9.96%

=== Round 9 ===
  [Warm-up] Round 9/20. Training Global Model only.
  [Tier 1] Aggregating 1 updates for Topic 0
  [Fusion] Re-injecting global knowledge into Topic Models (beta=0)...
Global Accuracy: 12.32%

=== Round 10 ===
  [Warm-up] Round 10/20. Training Global Model only.
  [Tier 1] Aggregating 1 updates for Topic 0
  [Fusion] Re-injecting global knowledge into Topic Models (beta=0)...
Global Accuracy: 15.23%

=== Round 11 ===
  [Warm-up] Round 11/20. Training Global Model only.
  [Fusion] Re-injecting global knowledge into Topic Models (beta=0)...
Global Accuracy: 15.23%

=== Round 12 ===
  [Warm-up] Round 12/20. Training Global Model only.
  [Tier 1] Aggregating 1 updates for Topic 0
  [Fusion] Re-injecting global knowledge into Topic Models (beta=0)...
Global Accuracy: 13.85%

=== Round 13 ===
  [Warm-up] Round 13/20. Training Global Model only.
  [Fusion] Re-injecting global knowledge into Topic Models (beta=0)...
Global Accuracy: 13.85%

=== Round 14 ===
  [Warm-up] Round 14/20. Training Global Model only.
  [Tier 1] Aggregating 1 updates for Topic 0
  [Fusion] Re-injecting global knowledge into Topic Models (beta=0)...
Global Accuracy: 14.14%

=== Round 15 ===
  [Warm-up] Round 15/20. Training Global Model only.
  [Tier 1] Aggregating 1 updates for Topic 0
  [Fusion] Re-injecting global knowledge into Topic Models (beta=0)...
Global Accuracy: 14.67%

=== Round 16 ===
  [Warm-up] Round 16/20. Training Global Model only.
  [Fusion] Re-injecting global knowledge into Topic Models (beta=0)...
Global Accuracy: 14.67%

=== Round 17 ===
  [Warm-up] Round 17/20. Training Global Model only.
  [Fusion] Re-injecting global knowledge into Topic Models (beta=0)...
Global Accuracy: 14.67%

=== Round 18 ===
  [Warm-up] Round 18/20. Training Global Model only.
  [Tier 2] Buffer full for Topic 0 (5). Aggregating...
  [Fusion] Re-injecting global knowledge into Topic Models (beta=0)...
Global Accuracy: 20.95%

=== Round 19 ===
  [Warm-up] Round 19/20. Training Global Model only.
  [Tier 1] Aggregating 1 updates for Topic 0
  [Fusion] Re-injecting global knowledge into Topic Models (beta=0)...
Global Accuracy: 16.33%

=== Round 20 ===
  [Warm-up] Round 20/20. Training Global Model only.
  [Fusion] Re-injecting global knowledge into Topic Models (beta=0)...
Global Accuracy: 16.33%

=== Round 21 ===
  [Fusion] Re-injecting global knowledge into Topic Models (beta=0)...
Global Accuracy: 16.33%

=== Round 22 ===
  [Tier 1] Aggregating 1 updates for Topic 0
  [Fusion] Re-injecting global knowledge into Topic Models (beta=0)...
Global Accuracy: 18.88%

=== Round 23 ===
  [Fusion] Re-injecting global knowledge into Topic Models (beta=0)...
Global Accuracy: 18.84%

=== Round 24 ===
  [Tier 1] Aggregating 1 updates for Topic 2
  [Fusion] Re-injecting global knowledge into Topic Models (beta=0)...
Global Accuracy: 18.83%

=== Round 25 ===
  [Tier 1] Aggregating 1 updates for Topic 0
  [Fusion] Re-injecting global knowledge into Topic Models (beta=0)...
Global Accuracy: 17.74%

=== Round 26 ===
  [Tier 1] Aggregating 1 updates for Topic 0
  [Fusion] Re-injecting global knowledge into Topic Models (beta=0)...
Global Accuracy: 19.05%

=== Round 27 ===
  [Tier 1] Aggregating 1 updates for Topic 0
  [Fusion] Re-injecting global knowledge into Topic Models (beta=0)...
Global Accuracy: 14.26%

=== Round 28 ===
  [Fusion] Re-injecting global knowledge into Topic Models (beta=0)...
Global Accuracy: 14.23%

=== Round 29 ===
  [Tier 3] Client 26 update arrived for Topic 0. Staleness: 23
  [Fusion] Re-injecting global knowledge into Topic Models (beta=0)...
Global Accuracy: 14.26%

=== Round 30 ===
  [Fusion] Re-injecting global knowledge into Topic Models (beta=0)...
Global Accuracy: 14.23%

=== Round 31 ===
  [Fusion] Re-injecting global knowledge into Topic Models (beta=0)...
Global Accuracy: 14.22%

=== Round 32 ===
  [Tier 1] Aggregating 1 updates for Topic 0
  [Fusion] Re-injecting global knowledge into Topic Models (beta=0)...
Global Accuracy: 20.71%

=== Round 33 ===
  [Tier 1] Aggregating 1 updates for Topic 0
  [Fusion] Re-injecting global knowledge into Topic Models (beta=0)...
Global Accuracy: 17.49%

=== Round 34 ===
  [Tier 1] Aggregating 1 updates for Topic 2
  [Fusion] Re-injecting global knowledge into Topic Models (beta=0)...
Global Accuracy: 17.50%

=== Round 35 ===
  [Tier 1] Aggregating 1 updates for Topic 0
  [Fusion] Re-injecting global knowledge into Topic Models (beta=0)...
Global Accuracy: 18.82%

=== Round 36 ===
  [Tier 1] Aggregating 1 updates for Topic 1
  [Fusion] Re-injecting global knowledge into Topic Models (beta=0)...
Global Accuracy: 18.81%

=== Round 37 ===
  [Fusion] Re-injecting global knowledge into Topic Models (beta=0)...
Global Accuracy: 18.91%

=== Round 38 ===
  [Fusion] Re-injecting global knowledge into Topic Models (beta=0)...
Global Accuracy: 19.06%

=== Round 39 ===
  [Tier 1] Aggregating 1 updates for Topic 1
  [Fusion] Re-injecting global knowledge into Topic Models (beta=0)...
Global Accuracy: 19.07%

=== Round 40 ===
  [Tier 1] Aggregating 1 updates for Topic 1
  [Fusion] Re-injecting global knowledge into Topic Models (beta=0)...
Global Accuracy: 18.19%

=== Round 41 ===
  [Tier 1] Aggregating 1 updates for Topic 1
  [Fusion] Re-injecting global knowledge into Topic Models (beta=0)...
Global Accuracy: 18.16%

=== Round 42 ===
  [Tier 2] Buffer full for Topic 0 (5). Aggregating...
  [Fusion] Re-injecting global knowledge into Topic Models (beta=0)...
Global Accuracy: 17.29%

=== Round 43 ===
  [Fusion] Re-injecting global knowledge into Topic Models (beta=0)...
Global Accuracy: 17.31%

=== Round 44 ===
  [Fusion] Re-injecting global knowledge into Topic Models (beta=0)...
Global Accuracy: 17.31%

=== Round 45 ===
  [Tier 1] Aggregating 1 updates for Topic 2
  [Fusion] Re-injecting global knowledge into Topic Models (beta=0)...
Global Accuracy: 17.20%

=== Round 46 ===
  [Tier 1] Aggregating 1 updates for Topic 0
  [Fusion] Re-injecting global knowledge into Topic Models (beta=0)...
Global Accuracy: 12.99%

=== Round 47 ===
  [Fusion] Re-injecting global knowledge into Topic Models (beta=0)...
Global Accuracy: 12.99%

=== Round 48 ===
  [Tier 1] Aggregating 1 updates for Topic 2
  [Fusion] Re-injecting global knowledge into Topic Models (beta=0)...
Global Accuracy: 13.45%

=== Round 49 ===
  [Tier 1] Aggregating 1 updates for Topic 0
  [Fusion] Re-injecting global knowledge into Topic Models (beta=0)...
Global Accuracy: 15.81%

=== Round 50 ===
>>> [Data Profiling] Updating Soft Clustering...
>>> [Clustering Round] Force Full Sampling to update prototypes...
  [Tier 2] Buffer full for Topic 2 (5). Aggregating...
  [Fusion] Re-injecting global knowledge into Topic Models (beta=0)...
Global Accuracy: 16.04%

=== Round 51 ===
  [Fusion] Re-injecting global knowledge into Topic Models (beta=0)...
Global Accuracy: 16.04%

=== Round 52 ===
  [Tier 1] Aggregating 1 updates for Topic 1
  [Fusion] Re-injecting global knowledge into Topic Models (beta=0)...
Global Accuracy: 15.57%

=== Round 53 ===
  [Fusion] Re-injecting global knowledge into Topic Models (beta=0)...
Global Accuracy: 15.57%

=== Round 54 ===
  [Tier 3] Client 91 update arrived for Topic 2. Staleness: 17
  [Fusion] Re-injecting global knowledge into Topic Models (beta=0)...
Global Accuracy: 15.58%

=== Round 55 ===
  [Tier 1] Aggregating 1 updates for Topic 2
  [Fusion] Re-injecting global knowledge into Topic Models (beta=0)...
Global Accuracy: 15.77%

=== Round 56 ===
  [Fusion] Re-injecting global knowledge into Topic Models (beta=0)...
Global Accuracy: 15.36%

=== Round 57 ===
  [Tier 1] Aggregating 1 updates for Topic 0
  [Tier 3] Client 7 update arrived for Topic 0. Staleness: 13
  [Fusion] Re-injecting global knowledge into Topic Models (beta=0)...
Global Accuracy: 16.38%

=== Round 58 ===
  [Fusion] Re-injecting global knowledge into Topic Models (beta=0)...
Global Accuracy: 16.53%

=== Round 59 ===
  [Fusion] Re-injecting global knowledge into Topic Models (beta=0)...
Global Accuracy: 16.70%

=== Round 60 ===
  [Fusion] Re-injecting global knowledge into Topic Models (beta=0)...
Global Accuracy: 16.70%

=== Round 61 ===
  [Tier 1] Aggregating 1 updates for Topic 2
  [Fusion] Re-injecting global knowledge into Topic Models (beta=0)...
Global Accuracy: 16.66%

=== Round 62 ===
  [Tier 1] Aggregating 1 updates for Topic 1
  [Fusion] Re-injecting global knowledge into Topic Models (beta=0)...
Global Accuracy: 17.32%

=== Round 63 ===
  [Tier 1] Aggregating 1 updates for Topic 0
  [Fusion] Re-injecting global knowledge into Topic Models (beta=0)...
Global Accuracy: 18.28%

=== Round 64 ===
  [Tier 1] Aggregating 1 updates for Topic 2
  [Fusion] Re-injecting global knowledge into Topic Models (beta=0)...
Global Accuracy: 19.69%

=== Round 65 ===
  [Tier 1] Aggregating 1 updates for Topic 1
  [Tier 3] Client 53 update arrived for Topic 0. Staleness: 18
  [Fusion] Re-injecting global knowledge into Topic Models (beta=0)...
Global Accuracy: 19.24%

=== Round 66 ===
  [Tier 1] Aggregating 1 updates for Topic 2
  [Fusion] Re-injecting global knowledge into Topic Models (beta=0)...
Global Accuracy: 16.08%

=== Round 67 ===
  [Tier 1] Aggregating 1 updates for Topic 2
  [Fusion] Re-injecting global knowledge into Topic Models (beta=0)...
Global Accuracy: 14.23%

=== Round 68 ===
  [Fusion] Re-injecting global knowledge into Topic Models (beta=0)...
Global Accuracy: 14.08%

=== Round 69 ===
  [Fusion] Re-injecting global knowledge into Topic Models (beta=0)...
Global Accuracy: 14.08%

=== Round 70 ===
  [Fusion] Re-injecting global knowledge into Topic Models (beta=0)...
Global Accuracy: 14.08%

=== Round 71 ===
  [Tier 1] Aggregating 1 updates for Topic 1
  [Fusion] Re-injecting global knowledge into Topic Models (beta=0)...
Global Accuracy: 14.07%

=== Round 72 ===
  [Fusion] Re-injecting global knowledge into Topic Models (beta=0)...
Global Accuracy: 14.22%

=== Round 73 ===
  [Tier 2] Buffer full for Topic 0 (5). Aggregating...
  [Fusion] Re-injecting global knowledge into Topic Models (beta=0)...
Global Accuracy: 18.20%

=== Round 74 ===
  [Tier 1] Aggregating 1 updates for Topic 2
  [Fusion] Re-injecting global knowledge into Topic Models (beta=0)...
Global Accuracy: 17.80%

=== Round 75 ===
  [Tier 3] Client 68 update arrived for Topic 2. Staleness: 21
  [Fusion] Re-injecting global knowledge into Topic Models (beta=0)...
Global Accuracy: 17.92%

=== Round 76 ===
  [Tier 1] Aggregating 1 updates for Topic 1
  [Fusion] Re-injecting global knowledge into Topic Models (beta=0)...
Global Accuracy: 17.74%

=== Round 77 ===
  [Tier 1] Aggregating 1 updates for Topic 0
  [Fusion] Re-injecting global knowledge into Topic Models (beta=0)...
Global Accuracy: 16.61%

=== Round 78 ===
  [Tier 1] Aggregating 1 updates for Topic 1
  [Fusion] Re-injecting global knowledge into Topic Models (beta=0)...
Global Accuracy: 16.64%

=== Round 79 ===
  [Fusion] Re-injecting global knowledge into Topic Models (beta=0)...
Global Accuracy: 16.64%

=== Round 80 ===
  [Tier 1] Aggregating 1 updates for Topic 2
  [Fusion] Re-injecting global knowledge into Topic Models (beta=0)...
Global Accuracy: 17.38%

=== Round 81 ===
  [Fusion] Re-injecting global knowledge into Topic Models (beta=0)...
Global Accuracy: 17.26%

=== Round 82 ===
  [Tier 1] Aggregating 1 updates for Topic 2
  [Fusion] Re-injecting global knowledge into Topic Models (beta=0)...
Global Accuracy: 15.20%

=== Round 83 ===
  [Tier 1] Aggregating 1 updates for Topic 0
  [Fusion] Re-injecting global knowledge into Topic Models (beta=0)...
Global Accuracy: 18.53%

=== Round 84 ===
  [Tier 2] Buffer full for Topic 2 (5). Aggregating...
  [Fusion] Re-injecting global knowledge into Topic Models (beta=0)...
Global Accuracy: 21.14%

=== Round 85 ===
  [Fusion] Re-injecting global knowledge into Topic Models (beta=0)...
Global Accuracy: 20.83%

=== Round 86 ===
  [Fusion] Re-injecting global knowledge into Topic Models (beta=0)...
Global Accuracy: 20.83%

=== Round 87 ===
  [Tier 1] Aggregating 1 updates for Topic 1
  [Fusion] Re-injecting global knowledge into Topic Models (beta=0)...
Global Accuracy: 19.77%

=== Round 88 ===
  [Fusion] Re-injecting global knowledge into Topic Models (beta=0)...
Global Accuracy: 18.86%

=== Round 89 ===
  [Tier 1] Aggregating 1 updates for Topic 0
  [Fusion] Re-injecting global knowledge into Topic Models (beta=0)...
Global Accuracy: 10.45%

=== Round 90 ===
  [Tier 2] Buffer full for Topic 1 (5). Aggregating...
  [Fusion] Re-injecting global knowledge into Topic Models (beta=0)...
Global Accuracy: 11.26%

=== Round 91 ===
  [Tier 1] Aggregating 1 updates for Topic 0
  [Fusion] Re-injecting global knowledge into Topic Models (beta=0)...
Global Accuracy: 20.32%

=== Round 92 ===
  [Tier 3] Client 53 update arrived for Topic 0. Staleness: 23
  [Fusion] Re-injecting global knowledge into Topic Models (beta=0)...
Global Accuracy: 20.32%

=== Round 93 ===
  [Tier 1] Aggregating 1 updates for Topic 2
  [Fusion] Re-injecting global knowledge into Topic Models (beta=0)...
Global Accuracy: 20.40%

=== Round 94 ===
  [Fusion] Re-injecting global knowledge into Topic Models (beta=0)...
Global Accuracy: 20.32%

=== Round 95 ===
  [Tier 1] Aggregating 1 updates for Topic 1
  [Fusion] Re-injecting global knowledge into Topic Models (beta=0)...
Global Accuracy: 20.33%

=== Round 96 ===
  [Tier 3] Client 19 update arrived for Topic 0. Staleness: 17
  [Fusion] Re-injecting global knowledge into Topic Models (beta=0)...
Global Accuracy: 20.33%

=== Round 97 ===
  [Tier 1] Aggregating 1 updates for Topic 2
  [Fusion] Re-injecting global knowledge into Topic Models (beta=0)...
Global Accuracy: 20.60%

=== Round 98 ===
  [Fusion] Re-injecting global knowledge into Topic Models (beta=0)...
Global Accuracy: 20.59%

=== Round 99 ===
  [Tier 1] Aggregating 1 updates for Topic 2
  [Fusion] Re-injecting global knowledge into Topic Models (beta=0)...
Global Accuracy: 21.00%

=== Round 100 ===
>>> [Data Profiling] Updating Soft Clustering...
>>> [Clustering Round] Force Full Sampling to update prototypes...
  [Tier 1] Aggregating 1 updates for Topic 2
  [Fusion] Re-injecting global knowledge into Topic Models (beta=0)...
Global Accuracy: 20.85%

=== Round 101 ===
  [Tier 1] Aggregating 1 updates for Topic 0
  [Fusion] Re-injecting global knowledge into Topic Models (beta=0)...
Global Accuracy: 16.98%

=== Round 102 ===
  [Fusion] Re-injecting global knowledge into Topic Models (beta=0)...
Global Accuracy: 17.20%

=== Round 103 ===
  [Fusion] Re-injecting global knowledge into Topic Models (beta=0)...
Global Accuracy: 17.20%

=== Round 104 ===
  [Tier 3] Client 29 update arrived for Topic 2. Staleness: 16
  [Fusion] Re-injecting global knowledge into Topic Models (beta=0)...
Global Accuracy: 16.68%

=== Round 105 ===
  [Fusion] Re-injecting global knowledge into Topic Models (beta=0)...
Global Accuracy: 16.81%

=== Round 106 ===
  [Tier 1] Aggregating 1 updates for Topic 1
  [Fusion] Re-injecting global knowledge into Topic Models (beta=0)...
Global Accuracy: 15.06%

=== Round 107 ===
  [Fusion] Re-injecting global knowledge into Topic Models (beta=0)...
Global Accuracy: 14.91%

=== Round 108 ===
  [Tier 2] Buffer full for Topic 2 (5). Aggregating...
  [Fusion] Re-injecting global knowledge into Topic Models (beta=0)...
Global Accuracy: 15.37%

=== Round 109 ===
  [Tier 1] Aggregating 1 updates for Topic 2
  [Fusion] Re-injecting global knowledge into Topic Models (beta=0)...
Global Accuracy: 17.12%

=== Round 110 ===
  [Fusion] Re-injecting global knowledge into Topic Models (beta=0)...
Global Accuracy: 17.12%

=== Round 111 ===
  [Fusion] Re-injecting global knowledge into Topic Models (beta=0)...
Global Accuracy: 17.12%

=== Round 112 ===
  [Fusion] Re-injecting global knowledge into Topic Models (beta=0)...
Global Accuracy: 17.30%

=== Round 113 ===
  [Tier 1] Aggregating 1 updates for Topic 2
  [Fusion] Re-injecting global knowledge into Topic Models (beta=0)...
Global Accuracy: 15.59%

=== Round 114 ===
  [Fusion] Re-injecting global knowledge into Topic Models (beta=0)...
Global Accuracy: 15.10%

=== Round 115 ===
  [Fusion] Re-injecting global knowledge into Topic Models (beta=0)...
Global Accuracy: 14.88%

=== Round 116 ===
  [Fusion] Re-injecting global knowledge into Topic Models (beta=0)...
Global Accuracy: 14.53%

=== Round 117 ===
  [Fusion] Re-injecting global knowledge into Topic Models (beta=0)...
Global Accuracy: 14.45%

=== Round 118 ===
  [Tier 2] Buffer full for Topic 0 (5). Aggregating...
  [Fusion] Re-injecting global knowledge into Topic Models (beta=0)...
Global Accuracy: 11.97%

=== Round 119 ===
  [Fusion] Re-injecting global knowledge into Topic Models (beta=0)...
Global Accuracy: 11.97%

=== Round 120 ===
  [Fusion] Re-injecting global knowledge into Topic Models (beta=0)...
Global Accuracy: 12.01%

=== Round 121 ===
  [Fusion] Re-injecting global knowledge into Topic Models (beta=0)...
Global Accuracy: 12.03%

=== Round 122 ===
  [Tier 1] Aggregating 1 updates for Topic 2
  [Fusion] Re-injecting global knowledge into Topic Models (beta=0)...
Global Accuracy: 13.98%

=== Round 123 ===
  [Tier 2] Buffer full for Topic 1 (5). Aggregating...
  [Tier 3] Client 91 update arrived for Topic 1. Staleness: 21
  [Fusion] Re-injecting global knowledge into Topic Models (beta=0)...
Global Accuracy: 15.46%

=== Round 124 ===
  [Tier 1] Aggregating 1 updates for Topic 1
  [Tier 3] Client 26 update arrived for Topic 0. Staleness: 21
  [Fusion] Re-injecting global knowledge into Topic Models (beta=0)...
Global Accuracy: 16.02%

=== Round 125 ===
  [Tier 1] Aggregating 1 updates for Topic 2
  [Fusion] Re-injecting global knowledge into Topic Models (beta=0)...
Global Accuracy: 10.26%

=== Round 126 ===
  [Fusion] Re-injecting global knowledge into Topic Models (beta=0)...
Global Accuracy: 10.29%

=== Round 127 ===
  [Tier 3] Client 26 update arrived for Topic 1. Staleness: 12
  [Fusion] Re-injecting global knowledge into Topic Models (beta=0)...
Global Accuracy: 10.37%

=== Round 128 ===
  [Fusion] Re-injecting global knowledge into Topic Models (beta=0)...
Global Accuracy: 10.37%

=== Round 129 ===
  [Tier 1] Aggregating 1 updates for Topic 2
  [Fusion] Re-injecting global knowledge into Topic Models (beta=0)...
Global Accuracy: 12.95%

=== Round 130 ===
  [Tier 1] Aggregating 1 updates for Topic 0
  [Fusion] Re-injecting global knowledge into Topic Models (beta=0)...
