Logging to ./DoubleCluster/log/simulation_mnist_alpha0.1_20260211_184840.log
Initializing Simulation with mnist...
Loading mnist and partitioning...
Data loaded.
Initializing Topic Models with noise...
Server started. Training for 300 rounds.

=== Round 1 ===
  [Warm-up] Round 1/2. Training Global Model only.
  [Tier 1] Aggregating 14 weighted updates for Topic 0
  [Tier 2] Buffer full for Topic 0 (6). Aggregating...
  [Fusion] Re-injecting global knowledge into Topic Models (beta=0.05)...
Global Accuracy: 9.80%

=== Round 2 ===
  [Warm-up] Round 2/2. Training Global Model only.
  [Tier 1] Aggregating 13 weighted updates for Topic 0
  [Fusion] Re-injecting global knowledge into Topic Models (beta=0.05)...
Global Accuracy: 9.80%

=== Round 3 ===
  [Tier 1] Aggregating 12 weighted updates for Topic 0
  [Tier 1] Aggregating 12 weighted updates for Topic 1
  [Tier 1] Aggregating 12 weighted updates for Topic 2
  [Tier 2] Buffer full for Topic 0 (10). Aggregating...
  [Tier 2] Buffer full for Topic 1 (6). Aggregating...
  [Tier 2] Buffer full for Topic 2 (6). Aggregating...
  [Fusion] Re-injecting global knowledge into Topic Models (beta=0.05)...
Global Accuracy: 9.80%

=== Round 4 ===
  [Tier 1] Aggregating 12 weighted updates for Topic 0
  [Tier 1] Aggregating 12 weighted updates for Topic 1
  [Tier 1] Aggregating 12 weighted updates for Topic 2
  [Tier 2] Buffer full for Topic 0 (7). Aggregating...
  [Tier 2] Buffer full for Topic 1 (7). Aggregating...
  [Tier 2] Buffer full for Topic 2 (7). Aggregating...
  [Fusion] Re-injecting global knowledge into Topic Models (beta=0.05)...
Global Accuracy: 9.80%

=== Round 5 ===
  [Tier 1] Aggregating 15 weighted updates for Topic 0
  [Tier 1] Aggregating 15 weighted updates for Topic 1
  [Tier 1] Aggregating 15 weighted updates for Topic 2
  [Fusion] Re-injecting global knowledge into Topic Models (beta=0.05)...

Simulation interrupted by user.
