Logging to ./log/simulation_cifar10_alpha0.1_20260210_223107.log
Initializing Simulation with cifar10...
Loading cifar10 and partitioning...
Data loaded.
Initializing Topic Models with noise...
Server started. Training for 250 rounds.

=== Round 1 ===
  [Warm-up] Round 1/20. Training Global Model only.
  [Tier 1] Aggregating 1 updates for Topic 0
  [Fusion] Re-injecting global knowledge into Topic Models (beta=0)...
Global Accuracy: 21.49%

=== Round 2 ===
  [Warm-up] Round 2/20. Training Global Model only.
  [Fusion] Re-injecting global knowledge into Topic Models (beta=0)...
Global Accuracy: 21.49%

=== Round 3 ===
  [Warm-up] Round 3/20. Training Global Model only.
  [Tier 1] Aggregating 1 updates for Topic 0
  [Fusion] Re-injecting global knowledge into Topic Models (beta=0)...
Global Accuracy: 10.00%

=== Round 4 ===
  [Warm-up] Round 4/20. Training Global Model only.
  [Tier 1] Aggregating 1 updates for Topic 0
  [Fusion] Re-injecting global knowledge into Topic Models (beta=0)...
Global Accuracy: 19.31%

=== Round 5 ===
  [Warm-up] Round 5/20. Training Global Model only.
  [Fusion] Re-injecting global knowledge into Topic Models (beta=0)...
Global Accuracy: 19.31%

=== Round 6 ===
  [Warm-up] Round 6/20. Training Global Model only.
  [Fusion] Re-injecting global knowledge into Topic Models (beta=0)...
Global Accuracy: 19.31%

=== Round 7 ===
  [Warm-up] Round 7/20. Training Global Model only.
  [Tier 1] Aggregating 1 updates for Topic 0
  [Fusion] Re-injecting global knowledge into Topic Models (beta=0)...
Global Accuracy: 11.34%

=== Round 8 ===
  [Warm-up] Round 8/20. Training Global Model only.
  [Tier 1] Aggregating 1 updates for Topic 0
  [Fusion] Re-injecting global knowledge into Topic Models (beta=0)...
Global Accuracy: 10.00%

=== Round 9 ===
  [Warm-up] Round 9/20. Training Global Model only.
  [Tier 1] Aggregating 1 updates for Topic 0
  [Fusion] Re-injecting global knowledge into Topic Models (beta=0)...
Global Accuracy: 18.36%

=== Round 10 ===
  [Warm-up] Round 10/20. Training Global Model only.
  [Tier 1] Aggregating 1 updates for Topic 0
  [Fusion] Re-injecting global knowledge into Topic Models (beta=0)...
Global Accuracy: 18.32%

=== Round 11 ===
  [Warm-up] Round 11/20. Training Global Model only.
  [Fusion] Re-injecting global knowledge into Topic Models (beta=0)...
Global Accuracy: 18.32%

=== Round 12 ===
  [Warm-up] Round 12/20. Training Global Model only.
  [Tier 1] Aggregating 1 updates for Topic 0
  [Fusion] Re-injecting global knowledge into Topic Models (beta=0)...
Global Accuracy: 14.19%

=== Round 13 ===
  [Warm-up] Round 13/20. Training Global Model only.
  [Fusion] Re-injecting global knowledge into Topic Models (beta=0)...
Global Accuracy: 14.19%

=== Round 14 ===
  [Warm-up] Round 14/20. Training Global Model only.
  [Fusion] Re-injecting global knowledge into Topic Models (beta=0)...
Global Accuracy: 14.19%

=== Round 15 ===
  [Warm-up] Round 15/20. Training Global Model only.
  [Fusion] Re-injecting global knowledge into Topic Models (beta=0)...
Global Accuracy: 14.19%

=== Round 16 ===
  [Warm-up] Round 16/20. Training Global Model only.
  [Tier 1] Aggregating 1 updates for Topic 0
  [Fusion] Re-injecting global knowledge into Topic Models (beta=0)...
Global Accuracy: 10.00%

=== Round 17 ===
  [Warm-up] Round 17/20. Training Global Model only.
  [Tier 2] Buffer full for Topic 0 (5). Aggregating...
  [Fusion] Re-injecting global knowledge into Topic Models (beta=0)...
Global Accuracy: 10.81%

=== Round 18 ===
  [Warm-up] Round 18/20. Training Global Model only.
  [Tier 1] Aggregating 1 updates for Topic 0
  [Fusion] Re-injecting global knowledge into Topic Models (beta=0)...
Global Accuracy: 20.92%

=== Round 19 ===
  [Warm-up] Round 19/20. Training Global Model only.
  [Fusion] Re-injecting global knowledge into Topic Models (beta=0)...
Global Accuracy: 20.92%

=== Round 20 ===
  [Warm-up] Round 20/20. Training Global Model only.
  [Fusion] Re-injecting global knowledge into Topic Models (beta=0)...
Global Accuracy: 20.92%

=== Round 21 ===
  [Tier 1] Aggregating 1 updates for Topic 0
  [Fusion] Re-injecting global knowledge into Topic Models (beta=0)...
Global Accuracy: 25.06%

=== Round 22 ===
  [Tier 1] Aggregating 1 updates for Topic 0
  [Fusion] Re-injecting global knowledge into Topic Models (beta=0)...
Global Accuracy: 18.58%

=== Round 23 ===
  [Fusion] Re-injecting global knowledge into Topic Models (beta=0)...
Global Accuracy: 18.58%

=== Round 24 ===
  [Tier 1] Aggregating 1 updates for Topic 0
  [Fusion] Re-injecting global knowledge into Topic Models (beta=0)...
Global Accuracy: 11.64%

=== Round 25 ===
  [Tier 1] Aggregating 1 updates for Topic 0
  [Fusion] Re-injecting global knowledge into Topic Models (beta=0)...
Global Accuracy: 10.00%

=== Round 26 ===
  [Fusion] Re-injecting global knowledge into Topic Models (beta=0)...
Global Accuracy: 10.00%

=== Round 27 ===
  [Fusion] Re-injecting global knowledge into Topic Models (beta=0)...
Global Accuracy: 10.00%

=== Round 28 ===
  [Fusion] Re-injecting global knowledge into Topic Models (beta=0)...
Global Accuracy: 10.00%

=== Round 29 ===
  [Tier 1] Aggregating 1 updates for Topic 0
  [Tier 3] Client 33 update arrived for Topic 0. Staleness: 24
  [Fusion] Re-injecting global knowledge into Topic Models (beta=0)...
Global Accuracy: 19.72%

=== Round 30 ===
  [Tier 1] Aggregating 1 updates for Topic 0
  [Fusion] Re-injecting global knowledge into Topic Models (beta=0)...
Global Accuracy: 16.47%

=== Round 31 ===
  [Tier 3] Client 39 update arrived for Topic 0. Staleness: 20
  [Fusion] Re-injecting global knowledge into Topic Models (beta=0)...
Global Accuracy: 16.47%

=== Round 32 ===
  [Tier 2] Buffer full for Topic 0 (5). Aggregating...
  [Fusion] Re-injecting global knowledge into Topic Models (beta=0)...
Global Accuracy: 10.02%

=== Round 33 ===
  [Fusion] Re-injecting global knowledge into Topic Models (beta=0)...
Global Accuracy: 10.02%

=== Round 34 ===
  [Tier 1] Aggregating 1 updates for Topic 0
  [Fusion] Re-injecting global knowledge into Topic Models (beta=0)...
Global Accuracy: 12.15%

=== Round 35 ===
  [Fusion] Re-injecting global knowledge into Topic Models (beta=0)...
Global Accuracy: 12.15%

=== Round 36 ===
  [Fusion] Re-injecting global knowledge into Topic Models (beta=0)...
Global Accuracy: 12.15%

=== Round 37 ===
  [Tier 1] Aggregating 1 updates for Topic 0
  [Tier 3] Client 48 update arrived for Topic 0. Staleness: 22
  [Tier 3] Client 48 update arrived for Topic 0. Staleness: 17
  [Fusion] Re-injecting global knowledge into Topic Models (beta=0)...
Global Accuracy: 18.24%

=== Round 38 ===
  [Fusion] Re-injecting global knowledge into Topic Models (beta=0)...
Global Accuracy: 18.24%

=== Round 39 ===
  [Tier 1] Aggregating 1 updates for Topic 0
  [Fusion] Re-injecting global knowledge into Topic Models (beta=0)...
Global Accuracy: 18.24%

=== Round 40 ===
  [Tier 1] Aggregating 1 updates for Topic 0
  [Fusion] Re-injecting global knowledge into Topic Models (beta=0)...
Global Accuracy: 21.66%

=== Round 41 ===
  [Tier 1] Aggregating 1 updates for Topic 0
  [Fusion] Re-injecting global knowledge into Topic Models (beta=0)...
Global Accuracy: 10.00%

=== Round 42 ===
  [Tier 2] Buffer full for Topic 0 (5). Aggregating...
  [Fusion] Re-injecting global knowledge into Topic Models (beta=0)...
Global Accuracy: 14.56%

=== Round 43 ===
  [Fusion] Re-injecting global knowledge into Topic Models (beta=0)...
Global Accuracy: 14.56%

=== Round 44 ===
  [Fusion] Re-injecting global knowledge into Topic Models (beta=0)...
Global Accuracy: 14.56%

=== Round 45 ===
  [Tier 1] Aggregating 1 updates for Topic 0
  [Tier 3] Client 19 update arrived for Topic 0. Staleness: 26
  [Tier 3] Client 19 update arrived for Topic 0. Staleness: 22
  [Fusion] Re-injecting global knowledge into Topic Models (beta=0)...
Global Accuracy: 31.47%

=== Round 46 ===
  [Fusion] Re-injecting global knowledge into Topic Models (beta=0)...
Global Accuracy: 31.47%

=== Round 47 ===
  [Tier 1] Aggregating 1 updates for Topic 0
  [Fusion] Re-injecting global knowledge into Topic Models (beta=0)...
Global Accuracy: 13.79%

=== Round 48 ===
  [Tier 1] Aggregating 1 updates for Topic 0
  [Fusion] Re-injecting global knowledge into Topic Models (beta=0)...
Global Accuracy: 10.01%

=== Round 49 ===
  [Tier 1] Aggregating 1 updates for Topic 0
  [Fusion] Re-injecting global knowledge into Topic Models (beta=0)...
Global Accuracy: 23.42%

=== Round 50 ===
>>> [Data Profiling] Updating Soft Clustering...
>>> [Clustering Round] Force Full Sampling to update prototypes...
  [Tier 1] Aggregating 1 updates for Topic 0
  [Fusion] Re-injecting global knowledge into Topic Models (beta=0)...
Global Accuracy: 11.47%

=== Round 51 ===
  [Fusion] Re-injecting global knowledge into Topic Models (beta=0)...
Global Accuracy: 11.47%

=== Round 52 ===
  [Tier 1] Aggregating 1 updates for Topic 0
  [Fusion] Re-injecting global knowledge into Topic Models (beta=0)...
Global Accuracy: 21.91%

=== Round 53 ===
  [Fusion] Re-injecting global knowledge into Topic Models (beta=0)...
Global Accuracy: 21.91%

=== Round 54 ===
  [Tier 1] Aggregating 1 updates for Topic 0
  [Fusion] Re-injecting global knowledge into Topic Models (beta=0)...
Global Accuracy: 15.84%

=== Round 55 ===
  [Tier 1] Aggregating 1 updates for Topic 0
  [Fusion] Re-injecting global knowledge into Topic Models (beta=0)...
Global Accuracy: 20.71%

=== Round 56 ===
  [Tier 1] Aggregating 1 updates for Topic 0
  [Fusion] Re-injecting global knowledge into Topic Models (beta=0)...
Global Accuracy: 11.65%

=== Round 57 ===
  [Tier 2] Buffer full for Topic 0 (5). Aggregating...
  [Fusion] Re-injecting global knowledge into Topic Models (beta=0)...
Global Accuracy: 17.59%

=== Round 58 ===
  [Tier 1] Aggregating 1 updates for Topic 0
  [Fusion] Re-injecting global knowledge into Topic Models (beta=0)...
Global Accuracy: 19.66%

=== Round 59 ===
  [Fusion] Re-injecting global knowledge into Topic Models (beta=0)...
Global Accuracy: 19.66%

=== Round 60 ===
  [Tier 1] Aggregating 1 updates for Topic 0
  [Fusion] Re-injecting global knowledge into Topic Models (beta=0)...
Global Accuracy: 24.42%

=== Round 61 ===
  [Fusion] Re-injecting global knowledge into Topic Models (beta=0)...
Global Accuracy: 24.42%

=== Round 62 ===
  [Fusion] Re-injecting global knowledge into Topic Models (beta=0)...
Global Accuracy: 24.42%

=== Round 63 ===
  [Fusion] Re-injecting global knowledge into Topic Models (beta=0)...
Global Accuracy: 24.42%

=== Round 64 ===
  [Fusion] Re-injecting global knowledge into Topic Models (beta=0)...
Global Accuracy: 24.42%

=== Round 65 ===
  [Tier 1] Aggregating 1 updates for Topic 0
  [Fusion] Re-injecting global knowledge into Topic Models (beta=0)...
Global Accuracy: 21.79%

=== Round 66 ===
  [Tier 1] Aggregating 1 updates for Topic 0
  [Fusion] Re-injecting global knowledge into Topic Models (beta=0)...
Global Accuracy: 17.22%

=== Round 67 ===
  [Tier 1] Aggregating 1 updates for Topic 0
  [Fusion] Re-injecting global knowledge into Topic Models (beta=0)...
Global Accuracy: 18.66%

=== Round 68 ===
  [Fusion] Re-injecting global knowledge into Topic Models (beta=0)...
Global Accuracy: 18.66%

=== Round 69 ===
  [Fusion] Re-injecting global knowledge into Topic Models (beta=0)...
Global Accuracy: 18.66%

=== Round 70 ===
  [Fusion] Re-injecting global knowledge into Topic Models (beta=0)...
Global Accuracy: 18.66%

=== Round 71 ===
  [Tier 1] Aggregating 1 updates for Topic 0
  [Tier 3] Client 14 update arrived for Topic 0. Staleness: 25
  [Fusion] Re-injecting global knowledge into Topic Models (beta=0)...
Global Accuracy: 10.00%

=== Round 72 ===
  [Tier 1] Aggregating 1 updates for Topic 0
  [Fusion] Re-injecting global knowledge into Topic Models (beta=0)...
Global Accuracy: 10.00%

=== Round 73 ===
  [Tier 2] Buffer full for Topic 0 (5). Aggregating...
  [Fusion] Re-injecting global knowledge into Topic Models (beta=0)...
Global Accuracy: 12.23%

=== Round 74 ===
  [Tier 1] Aggregating 1 updates for Topic 0
  [Fusion] Re-injecting global knowledge into Topic Models (beta=0)...
Global Accuracy: 13.70%

=== Round 75 ===
  [Tier 1] Aggregating 1 updates for Topic 0
  [Tier 3] Client 14 update arrived for Topic 0. Staleness: 13
  [Fusion] Re-injecting global knowledge into Topic Models (beta=0)...
Global Accuracy: 10.33%

=== Round 76 ===
  [Tier 3] Client 14 update arrived for Topic 0. Staleness: 13
  [Fusion] Re-injecting global knowledge into Topic Models (beta=0)...
Global Accuracy: 10.33%

=== Round 77 ===
  [Tier 1] Aggregating 1 updates for Topic 0
  [Fusion] Re-injecting global knowledge into Topic Models (beta=0)...
Global Accuracy: 23.24%

=== Round 78 ===
  [Tier 1] Aggregating 1 updates for Topic 0
  [Fusion] Re-injecting global knowledge into Topic Models (beta=0)...
Global Accuracy: 14.58%

=== Round 79 ===
  [Tier 1] Aggregating 1 updates for Topic 0
  [Fusion] Re-injecting global knowledge into Topic Models (beta=0)...
Global Accuracy: 14.48%

=== Round 80 ===
  [Fusion] Re-injecting global knowledge into Topic Models (beta=0)...
Global Accuracy: 14.48%

=== Round 81 ===
  [Tier 1] Aggregating 1 updates for Topic 0
  [Fusion] Re-injecting global knowledge into Topic Models (beta=0)...
Global Accuracy: 16.98%

=== Round 82 ===
  [Fusion] Re-injecting global knowledge into Topic Models (beta=0)...
Global Accuracy: 16.98%

=== Round 83 ===
  [Fusion] Re-injecting global knowledge into Topic Models (beta=0)...
Global Accuracy: 16.98%

=== Round 84 ===
  [Fusion] Re-injecting global knowledge into Topic Models (beta=0)...
Global Accuracy: 16.98%

=== Round 85 ===
  [Tier 2] Buffer full for Topic 0 (5). Aggregating...
  [Tier 3] Client 39 update arrived for Topic 0. Staleness: 21
  [Fusion] Re-injecting global knowledge into Topic Models (beta=0)...
Global Accuracy: 19.15%

=== Round 86 ===
  [Tier 1] Aggregating 1 updates for Topic 0
  [Fusion] Re-injecting global knowledge into Topic Models (beta=0)...
Global Accuracy: 22.85%

=== Round 87 ===
  [Tier 1] Aggregating 1 updates for Topic 0
  [Tier 3] Client 48 update arrived for Topic 0. Staleness: 19
  [Fusion] Re-injecting global knowledge into Topic Models (beta=0)...
Global Accuracy: 29.07%

=== Round 88 ===
  [Fusion] Re-injecting global knowledge into Topic Models (beta=0)...
Global Accuracy: 29.07%

=== Round 89 ===
  [Tier 1] Aggregating 1 updates for Topic 0
  [Fusion] Re-injecting global knowledge into Topic Models (beta=0)...
Global Accuracy: 30.09%

=== Round 90 ===
  [Fusion] Re-injecting global knowledge into Topic Models (beta=0)...
Global Accuracy: 30.09%

=== Round 91 ===
  [Tier 1] Aggregating 1 updates for Topic 0
  [Fusion] Re-injecting global knowledge into Topic Models (beta=0)...
Global Accuracy: 24.89%

=== Round 92 ===
  [Tier 1] Aggregating 1 updates for Topic 0
  [Fusion] Re-injecting global knowledge into Topic Models (beta=0)...
Global Accuracy: 21.01%

=== Round 93 ===
  [Fusion] Re-injecting global knowledge into Topic Models (beta=0)...
Global Accuracy: 21.01%

=== Round 94 ===
  [Fusion] Re-injecting global knowledge into Topic Models (beta=0)...
Global Accuracy: 21.01%

=== Round 95 ===
  [Fusion] Re-injecting global knowledge into Topic Models (beta=0)...
Global Accuracy: 21.01%

=== Round 96 ===
  [Tier 1] Aggregating 1 updates for Topic 0
  [Fusion] Re-injecting global knowledge into Topic Models (beta=0)...
Global Accuracy: 21.01%

=== Round 97 ===
  [Tier 1] Aggregating 1 updates for Topic 0
  [Tier 3] Client 76 update arrived for Topic 0. Staleness: 13
  [Fusion] Re-injecting global knowledge into Topic Models (beta=0)...
Global Accuracy: 14.92%

=== Round 98 ===
  [Tier 1] Aggregating 1 updates for Topic 0
  [Fusion] Re-injecting global knowledge into Topic Models (beta=0)...
Global Accuracy: 10.00%

=== Round 99 ===
  [Tier 1] Aggregating 1 updates for Topic 0
  [Fusion] Re-injecting global knowledge into Topic Models (beta=0)...
Global Accuracy: 17.98%

=== Round 100 ===
>>> [Data Profiling] Updating Soft Clustering...
>>> [Clustering Round] Force Full Sampling to update prototypes...
  [Tier 1] Aggregating 1 updates for Topic 0
  [Fusion] Re-injecting global knowledge into Topic Models (beta=0)...
Global Accuracy: 10.08%

=== Round 101 ===
  [Fusion] Re-injecting global knowledge into Topic Models (beta=0)...
Global Accuracy: 10.08%

=== Round 102 ===
  [Fusion] Re-injecting global knowledge into Topic Models (beta=0)...
Global Accuracy: 10.08%

=== Round 103 ===
  [Tier 3] Client 52 update arrived for Topic 0. Staleness: 13
  [Fusion] Re-injecting global knowledge into Topic Models (beta=0)...
Global Accuracy: 10.08%

=== Round 104 ===
  [Fusion] Re-injecting global knowledge into Topic Models (beta=0)...
Global Accuracy: 10.08%

=== Round 105 ===
  [Tier 1] Aggregating 1 updates for Topic 0
  [Fusion] Re-injecting global knowledge into Topic Models (beta=0)...
Global Accuracy: 10.00%

=== Round 106 ===
  [Tier 2] Buffer full for Topic 0 (5). Aggregating...
  [Fusion] Re-injecting global knowledge into Topic Models (beta=0)...
Global Accuracy: 16.98%

=== Round 107 ===
  [Fusion] Re-injecting global knowledge into Topic Models (beta=0)...
Global Accuracy: 16.98%

=== Round 108 ===
  [Tier 3] Client 52 update arrived for Topic 0. Staleness: 13
  [Fusion] Re-injecting global knowledge into Topic Models (beta=0)...
Global Accuracy: 16.98%

=== Round 109 ===
  [Tier 3] Client 39 update arrived for Topic 0. Staleness: 21
  [Fusion] Re-injecting global knowledge into Topic Models (beta=0)...
Global Accuracy: 16.98%

=== Round 110 ===
  [Fusion] Re-injecting global knowledge into Topic Models (beta=0)...
Global Accuracy: 16.98%

=== Round 111 ===
  [Tier 1] Aggregating 1 updates for Topic 0
  [Fusion] Re-injecting global knowledge into Topic Models (beta=0)...
Global Accuracy: 16.60%

=== Round 112 ===
  [Tier 1] Aggregating 1 updates for Topic 0
  [Fusion] Re-injecting global knowledge into Topic Models (beta=0)...
Global Accuracy: 9.98%

=== Round 113 ===
  [Fusion] Re-injecting global knowledge into Topic Models (beta=0)...
Global Accuracy: 9.98%

=== Round 114 ===
  [Fusion] Re-injecting global knowledge into Topic Models (beta=0)...
Global Accuracy: 9.98%

=== Round 115 ===
  [Tier 3] Client 76 update arrived for Topic 0. Staleness: 13
  [Fusion] Re-injecting global knowledge into Topic Models (beta=0)...
Global Accuracy: 9.98%

=== Round 116 ===
  [Tier 2] Buffer full for Topic 0 (5). Aggregating...
  [Fusion] Re-injecting global knowledge into Topic Models (beta=0)...
Global Accuracy: 23.53%

=== Round 117 ===
  [Fusion] Re-injecting global knowledge into Topic Models (beta=0)...
Global Accuracy: 23.53%

=== Round 118 ===
  [Fusion] Re-injecting global knowledge into Topic Models (beta=0)...
Global Accuracy: 23.53%

=== Round 119 ===
  [Tier 1] Aggregating 1 updates for Topic 0
  [Fusion] Re-injecting global knowledge into Topic Models (beta=0)...
Global Accuracy: 22.66%

=== Round 120 ===
  [Tier 1] Aggregating 1 updates for Topic 0
  [Fusion] Re-injecting global knowledge into Topic Models (beta=0)...
Global Accuracy: 22.66%

=== Round 121 ===
  [Fusion] Re-injecting global knowledge into Topic Models (beta=0)...
Global Accuracy: 22.66%

=== Round 122 ===
  [Fusion] Re-injecting global knowledge into Topic Models (beta=0)...
Global Accuracy: 22.66%

=== Round 123 ===
  [Tier 1] Aggregating 1 updates for Topic 0
  [Fusion] Re-injecting global knowledge into Topic Models (beta=0)...
Global Accuracy: 18.98%

=== Round 124 ===
  [Tier 1] Aggregating 1 updates for Topic 0
  [Fusion] Re-injecting global knowledge into Topic Models (beta=0)...
Global Accuracy: 12.53%

=== Round 125 ===
  [Tier 1] Aggregating 1 updates for Topic 0
  [Fusion] Re-injecting global knowledge into Topic Models (beta=0)...
Global Accuracy: 12.03%

=== Round 126 ===
  [Fusion] Re-injecting global knowledge into Topic Models (beta=0)...
Global Accuracy: 12.03%

=== Round 127 ===
  [Tier 3] Client 41 update arrived for Topic 0. Staleness: 20
  [Fusion] Re-injecting global knowledge into Topic Models (beta=0)...
Global Accuracy: 12.03%

=== Round 128 ===
  [Tier 1] Aggregating 1 updates for Topic 0
  [Tier 3] Client 48 update arrived for Topic 0. Staleness: 25
  [Fusion] Re-injecting global knowledge into Topic Models (beta=0)...
Global Accuracy: 10.59%

=== Round 129 ===
  [Tier 1] Aggregating 1 updates for Topic 0
  [Fusion] Re-injecting global knowledge into Topic Models (beta=0)...
Global Accuracy: 17.43%

=== Round 130 ===
  [Tier 1] Aggregating 1 updates for Topic 0
  [Fusion] Re-injecting global knowledge into Topic Models (beta=0)...
Global Accuracy: 17.64%

=== Round 131 ===
  [Tier 2] Buffer full for Topic 0 (5). Aggregating...
  [Fusion] Re-injecting global knowledge into Topic Models (beta=0)...
Global Accuracy: 10.50%

=== Round 132 ===
  [Tier 1] Aggregating 1 updates for Topic 0
  [Fusion] Re-injecting global knowledge into Topic Models (beta=0)...
Global Accuracy: 20.76%

=== Round 133 ===
  [Fusion] Re-injecting global knowledge into Topic Models (beta=0)...
Global Accuracy: 20.76%

=== Round 134 ===
  [Tier 1] Aggregating 1 updates for Topic 0
  [Fusion] Re-injecting global knowledge into Topic Models (beta=0)...
Global Accuracy: 17.44%

=== Round 135 ===
  [Fusion] Re-injecting global knowledge into Topic Models (beta=0)...
Global Accuracy: 17.44%

=== Round 136 ===
  [Tier 1] Aggregating 1 updates for Topic 0
  [Fusion] Re-injecting global knowledge into Topic Models (beta=0)...
Global Accuracy: 15.53%

=== Round 137 ===
  [Tier 1] Aggregating 1 updates for Topic 0
  [Tier 3] Client 14 update arrived for Topic 0. Staleness: 29
  [Fusion] Re-injecting global knowledge into Topic Models (beta=0)...
Global Accuracy: 21.62%

=== Round 138 ===
  [Fusion] Re-injecting global knowledge into Topic Models (beta=0)...
Global Accuracy: 21.62%

=== Round 139 ===
  [Tier 1] Aggregating 1 updates for Topic 0
  [Tier 3] Client 42 update arrived for Topic 0. Staleness: 22
  [Fusion] Re-injecting global knowledge into Topic Models (beta=0)...
Global Accuracy: 17.04%

=== Round 140 ===
  [Tier 1] Aggregating 1 updates for Topic 0
  [Fusion] Re-injecting global knowledge into Topic Models (beta=0)...
Global Accuracy: 14.05%

=== Round 141 ===
  [Fusion] Re-injecting global knowledge into Topic Models (beta=0)...
Global Accuracy: 14.05%

=== Round 142 ===
  [Fusion] Re-injecting global knowledge into Topic Models (beta=0)...
Global Accuracy: 14.05%

=== Round 143 ===
  [Tier 1] Aggregating 1 updates for Topic 0
  [Tier 3] Client 76 update arrived for Topic 0. Staleness: 28
  [Fusion] Re-injecting global knowledge into Topic Models (beta=0)...
Global Accuracy: 10.50%

=== Round 144 ===
  [Tier 1] Aggregating 1 updates for Topic 0
  [Fusion] Re-injecting global knowledge into Topic Models (beta=0)...
Global Accuracy: 17.79%

=== Round 145 ===
  [Tier 1] Aggregating 1 updates for Topic 0
  [Fusion] Re-injecting global knowledge into Topic Models (beta=0)...
Global Accuracy: 18.60%

=== Round 146 ===
  [Tier 1] Aggregating 1 updates for Topic 0
  [Fusion] Re-injecting global knowledge into Topic Models (beta=0)...
Global Accuracy: 14.59%

=== Round 147 ===
  [Tier 1] Aggregating 1 updates for Topic 0
  [Tier 3] Client 41 update arrived for Topic 0. Staleness: 20
  [Fusion] Re-injecting global knowledge into Topic Models (beta=0)...
Global Accuracy: 10.00%

=== Round 148 ===
  [Tier 1] Aggregating 1 updates for Topic 0
  [Fusion] Re-injecting global knowledge into Topic Models (beta=0)...
Global Accuracy: 19.17%

=== Round 149 ===
  [Tier 1] Aggregating 1 updates for Topic 0
  [Fusion] Re-injecting global knowledge into Topic Models (beta=0)...
Global Accuracy: 16.69%

=== Round 150 ===
>>> [Data Profiling] Updating Soft Clustering...
>>> [Clustering Round] Force Full Sampling to update prototypes...
  [Tier 2] Buffer full for Topic 0 (5). Aggregating...
  [Fusion] Re-injecting global knowledge into Topic Models (beta=0)...
Global Accuracy: 15.68%

=== Round 151 ===
  [Tier 1] Aggregating 1 updates for Topic 0
  [Fusion] Re-injecting global knowledge into Topic Models (beta=0)...
Global Accuracy: 23.28%

=== Round 152 ===
  [Tier 1] Aggregating 1 updates for Topic 0
  [Fusion] Re-injecting global knowledge into Topic Models (beta=0)...
Global Accuracy: 17.78%

=== Round 153 ===
  [Fusion] Re-injecting global knowledge into Topic Models (beta=0)...
Global Accuracy: 17.78%

=== Round 154 ===
  [Tier 1] Aggregating 1 updates for Topic 0
  [Tier 3] Client 43 update arrived for Topic 0. Staleness: 21
  [Fusion] Re-injecting global knowledge into Topic Models (beta=0)...
Global Accuracy: 14.64%

=== Round 155 ===
  [Fusion] Re-injecting global knowledge into Topic Models (beta=0)...
Global Accuracy: 14.64%

=== Round 156 ===
  [Tier 1] Aggregating 1 updates for Topic 0
  [Fusion] Re-injecting global knowledge into Topic Models (beta=0)...
Global Accuracy: 25.51%

=== Round 157 ===
  [Tier 1] Aggregating 1 updates for Topic 0
  [Fusion] Re-injecting global knowledge into Topic Models (beta=0)...
Global Accuracy: 28.58%

=== Round 158 ===
  [Tier 1] Aggregating 1 updates for Topic 0
  [Fusion] Re-injecting global knowledge into Topic Models (beta=0)...
Global Accuracy: 18.10%

=== Round 159 ===
  [Fusion] Re-injecting global knowledge into Topic Models (beta=0)...
Global Accuracy: 18.10%

=== Round 160 ===
  [Fusion] Re-injecting global knowledge into Topic Models (beta=0)...
Global Accuracy: 18.10%

=== Round 161 ===
  [Fusion] Re-injecting global knowledge into Topic Models (beta=0)...
Global Accuracy: 18.10%

=== Round 162 ===
  [Tier 2] Buffer full for Topic 0 (5). Aggregating...
  [Fusion] Re-injecting global knowledge into Topic Models (beta=0)...
Global Accuracy: 21.54%

=== Round 163 ===
  [Tier 1] Aggregating 1 updates for Topic 0
  [Fusion] Re-injecting global knowledge into Topic Models (beta=0)...
Global Accuracy: 21.27%

=== Round 164 ===
  [Tier 1] Aggregating 1 updates for Topic 0
  [Fusion] Re-injecting global knowledge into Topic Models (beta=0)...
Global Accuracy: 24.82%

=== Round 165 ===
  [Fusion] Re-injecting global knowledge into Topic Models (beta=0)...
Global Accuracy: 24.82%

=== Round 166 ===
  [Tier 1] Aggregating 1 updates for Topic 0
  [Fusion] Re-injecting global knowledge into Topic Models (beta=0)...
Global Accuracy: 29.24%

=== Round 167 ===
  [Fusion] Re-injecting global knowledge into Topic Models (beta=0)...
Global Accuracy: 29.24%

=== Round 168 ===
  [Tier 1] Aggregating 1 updates for Topic 0
  [Fusion] Re-injecting global knowledge into Topic Models (beta=0)...
Global Accuracy: 27.38%

=== Round 169 ===
  [Tier 1] Aggregating 1 updates for Topic 0
  [Fusion] Re-injecting global knowledge into Topic Models (beta=0)...
Global Accuracy: 24.92%

=== Round 170 ===
  [Tier 1] Aggregating 1 updates for Topic 0
  [Fusion] Re-injecting global knowledge into Topic Models (beta=0)...
Global Accuracy: 25.38%

=== Round 171 ===
  [Tier 1] Aggregating 1 updates for Topic 0
  [Fusion] Re-injecting global knowledge into Topic Models (beta=0)...
Global Accuracy: 27.26%

=== Round 172 ===
  [Fusion] Re-injecting global knowledge into Topic Models (beta=0)...
Global Accuracy: 27.26%

=== Round 173 ===
  [Tier 1] Aggregating 1 updates for Topic 0
  [Fusion] Re-injecting global knowledge into Topic Models (beta=0)...
Global Accuracy: 10.00%

=== Round 174 ===
  [Fusion] Re-injecting global knowledge into Topic Models (beta=0)...
Global Accuracy: 10.00%

=== Round 175 ===
  [Fusion] Re-injecting global knowledge into Topic Models (beta=0)...
Global Accuracy: 10.00%

=== Round 176 ===
  [Fusion] Re-injecting global knowledge into Topic Models (beta=0)...
Global Accuracy: 10.00%

=== Round 177 ===
  [Tier 2] Buffer full for Topic 0 (5). Aggregating...
  [Fusion] Re-injecting global knowledge into Topic Models (beta=0)...
Global Accuracy: 21.82%

=== Round 178 ===
  [Fusion] Re-injecting global knowledge into Topic Models (beta=0)...
Global Accuracy: 21.82%

=== Round 179 ===
  [Tier 1] Aggregating 1 updates for Topic 0
  [Fusion] Re-injecting global knowledge into Topic Models (beta=0)...
Global Accuracy: 18.51%

=== Round 180 ===
  [Tier 1] Aggregating 1 updates for Topic 0
  [Fusion] Re-injecting global knowledge into Topic Models (beta=0)...
Global Accuracy: 28.48%

=== Round 181 ===
  [Fusion] Re-injecting global knowledge into Topic Models (beta=0)...
Global Accuracy: 28.48%

=== Round 182 ===
  [Fusion] Re-injecting global knowledge into Topic Models (beta=0)...
Global Accuracy: 28.48%

=== Round 183 ===
  [Tier 1] Aggregating 1 updates for Topic 0
  [Fusion] Re-injecting global knowledge into Topic Models (beta=0)...
Global Accuracy: 29.04%

=== Round 184 ===
  [Fusion] Re-injecting global knowledge into Topic Models (beta=0)...
Global Accuracy: 29.04%

=== Round 185 ===
  [Fusion] Re-injecting global knowledge into Topic Models (beta=0)...
Global Accuracy: 29.04%

=== Round 186 ===
  [Tier 1] Aggregating 1 updates for Topic 0
  [Fusion] Re-injecting global knowledge into Topic Models (beta=0)...
Global Accuracy: 16.92%

=== Round 187 ===
  [Tier 1] Aggregating 1 updates for Topic 0
  [Tier 3] Client 43 update arrived for Topic 0. Staleness: 15
  [Fusion] Re-injecting global knowledge into Topic Models (beta=0)...
Global Accuracy: 21.56%

=== Round 188 ===
  [Tier 2] Buffer full for Topic 0 (5). Aggregating...
  [Fusion] Re-injecting global knowledge into Topic Models (beta=0)...
Global Accuracy: 17.24%

=== Round 189 ===
  [Tier 1] Aggregating 1 updates for Topic 0
  [Fusion] Re-injecting global knowledge into Topic Models (beta=0)...
Global Accuracy: 20.33%

=== Round 190 ===
  [Tier 1] Aggregating 1 updates for Topic 0
  [Fusion] Re-injecting global knowledge into Topic Models (beta=0)...
Global Accuracy: 21.52%

=== Round 191 ===
  [Tier 1] Aggregating 1 updates for Topic 0
  [Fusion] Re-injecting global knowledge into Topic Models (beta=0)...
Global Accuracy: 20.62%

=== Round 192 ===
  [Tier 1] Aggregating 1 updates for Topic 0
  [Fusion] Re-injecting global knowledge into Topic Models (beta=0)...
Global Accuracy: 24.15%

=== Round 193 ===
  [Tier 1] Aggregating 1 updates for Topic 0
  [Tier 3] Client 76 update arrived for Topic 0. Staleness: 34
  [Fusion] Re-injecting global knowledge into Topic Models (beta=0)...
Global Accuracy: 12.38%

=== Round 194 ===
  [Tier 1] Aggregating 1 updates for Topic 0
  [Fusion] Re-injecting global knowledge into Topic Models (beta=0)...
Global Accuracy: 18.08%

=== Round 195 ===
  [Tier 1] Aggregating 1 updates for Topic 0
  [Fusion] Re-injecting global knowledge into Topic Models (beta=0)...
Global Accuracy: 21.35%

=== Round 196 ===
  [Tier 1] Aggregating 1 updates for Topic 0
  [Tier 3] Client 14 update arrived for Topic 0. Staleness: 22
  [Fusion] Re-injecting global knowledge into Topic Models (beta=0)...
Global Accuracy: 12.34%

=== Round 197 ===
  [Fusion] Re-injecting global knowledge into Topic Models (beta=0)...
Global Accuracy: 12.34%

=== Round 198 ===
  [Tier 1] Aggregating 1 updates for Topic 0
  [Fusion] Re-injecting global knowledge into Topic Models (beta=0)...
Global Accuracy: 20.59%

=== Round 199 ===
  [Fusion] Re-injecting global knowledge into Topic Models (beta=0)...
Global Accuracy: 20.59%

=== Round 200 ===
>>> [Data Profiling] Updating Soft Clustering...
>>> [Clustering Round] Force Full Sampling to update prototypes...
  [Fusion] Re-injecting global knowledge into Topic Models (beta=0)...
Global Accuracy: 20.59%

=== Round 201 ===

!!! LR Decay Triggered: 0.01 -> 0.001 !!!

  [Tier 1] Aggregating 1 updates for Topic 0
  [Tier 3] Client 76 update arrived for Topic 0. Staleness: 16
  [Fusion] Re-injecting global knowledge into Topic Models (beta=0)...
Global Accuracy: 15.03%

=== Round 202 ===
  [Tier 1] Aggregating 1 updates for Topic 0
  [Fusion] Re-injecting global knowledge into Topic Models (beta=0)...
Global Accuracy: 15.46%

=== Round 203 ===
  [Fusion] Re-injecting global knowledge into Topic Models (beta=0)...
Global Accuracy: 15.46%

=== Round 204 ===
  [Fusion] Re-injecting global knowledge into Topic Models (beta=0)...
Global Accuracy: 15.46%

=== Round 205 ===
  [Fusion] Re-injecting global knowledge into Topic Models (beta=0)...
Global Accuracy: 15.46%

=== Round 206 ===
  [Tier 1] Aggregating 1 updates for Topic 0
  [Fusion] Re-injecting global knowledge into Topic Models (beta=0)...
Global Accuracy: 14.50%

=== Round 207 ===
  [Tier 1] Aggregating 1 updates for Topic 0
  [Fusion] Re-injecting global knowledge into Topic Models (beta=0)...
Global Accuracy: 25.07%

=== Round 208 ===
  [Tier 1] Aggregating 1 updates for Topic 0
  [Fusion] Re-injecting global knowledge into Topic Models (beta=0)...
Global Accuracy: 29.28%

=== Round 209 ===
  [Tier 1] Aggregating 1 updates for Topic 0
  [Fusion] Re-injecting global knowledge into Topic Models (beta=0)...
Global Accuracy: 25.76%

=== Round 210 ===
  [Tier 1] Aggregating 1 updates for Topic 0
  [Fusion] Re-injecting global knowledge into Topic Models (beta=0)...
Global Accuracy: 25.76%

=== Round 211 ===
  [Tier 1] Aggregating 1 updates for Topic 0
  [Fusion] Re-injecting global knowledge into Topic Models (beta=0)...
Global Accuracy: 34.08%

=== Round 212 ===
  [Tier 1] Aggregating 1 updates for Topic 0
  [Fusion] Re-injecting global knowledge into Topic Models (beta=0)...
Global Accuracy: 26.70%

=== Round 213 ===
  [Tier 1] Aggregating 1 updates for Topic 0
  [Tier 3] Client 19 update arrived for Topic 0. Staleness: 16
  [Fusion] Re-injecting global knowledge into Topic Models (beta=0)...
Global Accuracy: 24.69%

=== Round 214 ===
  [Tier 2] Buffer full for Topic 0 (5). Aggregating...
  [Fusion] Re-injecting global knowledge into Topic Models (beta=0)...
Global Accuracy: 30.53%

=== Round 215 ===
  [Fusion] Re-injecting global knowledge into Topic Models (beta=0)...
Global Accuracy: 30.53%

=== Round 216 ===
  [Tier 1] Aggregating 1 updates for Topic 0
  [Fusion] Re-injecting global knowledge into Topic Models (beta=0)...
Global Accuracy: 28.36%

=== Round 217 ===
  [Fusion] Re-injecting global knowledge into Topic Models (beta=0)...
Global Accuracy: 28.36%

=== Round 218 ===
  [Tier 1] Aggregating 1 updates for Topic 0
  [Tier 3] Client 19 update arrived for Topic 0. Staleness: 14
  [Fusion] Re-injecting global knowledge into Topic Models (beta=0)...
Global Accuracy: 27.07%

=== Round 219 ===
  [Tier 1] Aggregating 1 updates for Topic 0
  [Fusion] Re-injecting global knowledge into Topic Models (beta=0)...
Global Accuracy: 24.54%

=== Round 220 ===
  [Fusion] Re-injecting global knowledge into Topic Models (beta=0)...
Global Accuracy: 24.54%

=== Round 221 ===
  [Fusion] Re-injecting global knowledge into Topic Models (beta=0)...
Global Accuracy: 24.54%

=== Round 222 ===
  [Fusion] Re-injecting global knowledge into Topic Models (beta=0)...
Global Accuracy: 24.54%

=== Round 223 ===
  [Tier 1] Aggregating 1 updates for Topic 0
  [Fusion] Re-injecting global knowledge into Topic Models (beta=0)...
Global Accuracy: 30.55%

=== Round 224 ===
  [Tier 1] Aggregating 1 updates for Topic 0
  [Fusion] Re-injecting global knowledge into Topic Models (beta=0)...
Global Accuracy: 25.76%

=== Round 225 ===
  [Tier 2] Buffer full for Topic 0 (5). Aggregating...
  [Fusion] Re-injecting global knowledge into Topic Models (beta=0)...
Global Accuracy: 41.79%

=== Round 226 ===
  [Fusion] Re-injecting global knowledge into Topic Models (beta=0)...
Global Accuracy: 41.79%

=== Round 227 ===
  [Tier 1] Aggregating 1 updates for Topic 0
  [Fusion] Re-injecting global knowledge into Topic Models (beta=0)...
Global Accuracy: 22.70%

=== Round 228 ===
  [Tier 1] Aggregating 1 updates for Topic 0
  [Fusion] Re-injecting global knowledge into Topic Models (beta=0)...
Global Accuracy: 23.81%

=== Round 229 ===
  [Tier 1] Aggregating 1 updates for Topic 0
  [Fusion] Re-injecting global knowledge into Topic Models (beta=0)...
Global Accuracy: 27.83%

=== Round 230 ===
  [Fusion] Re-injecting global knowledge into Topic Models (beta=0)...
Global Accuracy: 27.83%

=== Round 231 ===
  [Tier 1] Aggregating 1 updates for Topic 0
  [Fusion] Re-injecting global knowledge into Topic Models (beta=0)...
Global Accuracy: 27.83%

=== Round 232 ===
  [Tier 1] Aggregating 1 updates for Topic 0
  [Fusion] Re-injecting global knowledge into Topic Models (beta=0)...
Global Accuracy: 25.28%

=== Round 233 ===
  [Tier 1] Aggregating 1 updates for Topic 0
  [Fusion] Re-injecting global knowledge into Topic Models (beta=0)...
Global Accuracy: 28.35%

=== Round 234 ===
  [Tier 1] Aggregating 1 updates for Topic 0
  [Fusion] Re-injecting global knowledge into Topic Models (beta=0)...
Global Accuracy: 33.41%

=== Round 235 ===
  [Tier 1] Aggregating 1 updates for Topic 0
  [Fusion] Re-injecting global knowledge into Topic Models (beta=0)...
Global Accuracy: 25.67%

=== Round 236 ===
  [Fusion] Re-injecting global knowledge into Topic Models (beta=0)...
Global Accuracy: 25.67%

=== Round 237 ===
  [Fusion] Re-injecting global knowledge into Topic Models (beta=0)...
Global Accuracy: 25.67%

=== Round 238 ===
  [Tier 1] Aggregating 1 updates for Topic 0
  [Fusion] Re-injecting global knowledge into Topic Models (beta=0)...
Global Accuracy: 28.48%

=== Round 239 ===
  [Fusion] Re-injecting global knowledge into Topic Models (beta=0)...
Global Accuracy: 28.48%

=== Round 240 ===
  [Tier 1] Aggregating 1 updates for Topic 0
  [Fusion] Re-injecting global knowledge into Topic Models (beta=0)...
Global Accuracy: 29.75%

=== Round 241 ===
  [Tier 2] Buffer full for Topic 0 (5). Aggregating...
  [Fusion] Re-injecting global knowledge into Topic Models (beta=0)...
Global Accuracy: 41.57%

=== Round 242 ===
  [Tier 1] Aggregating 1 updates for Topic 0
  [Fusion] Re-injecting global knowledge into Topic Models (beta=0)...
Global Accuracy: 24.53%

=== Round 243 ===
  [Fusion] Re-injecting global knowledge into Topic Models (beta=0)...
Global Accuracy: 24.53%

=== Round 244 ===
  [Tier 1] Aggregating 1 updates for Topic 0
  [Tier 3] Client 43 update arrived for Topic 0. Staleness: 18
  [Fusion] Re-injecting global knowledge into Topic Models (beta=0)...
Global Accuracy: 24.53%

=== Round 245 ===
  [Fusion] Re-injecting global knowledge into Topic Models (beta=0)...
Global Accuracy: 24.53%

=== Round 246 ===
  [Tier 1] Aggregating 1 updates for Topic 0
  [Fusion] Re-injecting global knowledge into Topic Models (beta=0)...
Global Accuracy: 33.95%

=== Round 247 ===
  [Fusion] Re-injecting global knowledge into Topic Models (beta=0)...
Global Accuracy: 33.95%

=== Round 248 ===
  [Fusion] Re-injecting global knowledge into Topic Models (beta=0)...
Global Accuracy: 33.95%

=== Round 249 ===
  [Tier 1] Aggregating 1 updates for Topic 0
  [Fusion] Re-injecting global knowledge into Topic Models (beta=0)...
Global Accuracy: 28.75%

=== Round 250 ===
>>> [Data Profiling] Updating Soft Clustering...
>>> [Clustering Round] Force Full Sampling to update prototypes...
  [Tier 1] Aggregating 1 updates for Topic 0
  [Fusion] Re-injecting global knowledge into Topic Models (beta=0)...
Global Accuracy: 29.21%
