Logging to ./log/simulation_cifar10_alpha0.1_20260210_225111.log
Initializing Simulation with cifar10...
Loading cifar10 and partitioning...
Data loaded.
Initializing Topic Models with noise...
Server started. Training for 250 rounds.

=== Round 1 ===
  [Warm-up] Round 1/20. Training Global Model only.
  [Tier 1] Aggregating 16 weighted updates for Topic 0
  [Fusion] Re-injecting global knowledge into Topic Models (beta=0)...
Global Accuracy: 10.00%

=== Round 2 ===
  [Warm-up] Round 2/20. Training Global Model only.
  [Tier 1] Aggregating 11 weighted updates for Topic 0
  [Tier 2] Buffer full for Topic 0 (10). Aggregating...
  [Fusion] Re-injecting global knowledge into Topic Models (beta=0)...
Global Accuracy: 10.00%

=== Round 3 ===
  [Warm-up] Round 3/20. Training Global Model only.
  [Tier 1] Aggregating 13 weighted updates for Topic 0
  [Tier 2] Buffer full for Topic 0 (6). Aggregating...
  [Fusion] Re-injecting global knowledge into Topic Models (beta=0)...
Global Accuracy: 10.00%

=== Round 4 ===
  [Warm-up] Round 4/20. Training Global Model only.
  [Tier 1] Aggregating 11 weighted updates for Topic 0
  [Tier 2] Buffer full for Topic 0 (5). Aggregating...
  [Fusion] Re-injecting global knowledge into Topic Models (beta=0)...
Global Accuracy: 10.00%

=== Round 5 ===
  [Warm-up] Round 5/20. Training Global Model only.
  [Tier 1] Aggregating 14 weighted updates for Topic 0
  [Fusion] Re-injecting global knowledge into Topic Models (beta=0)...
Global Accuracy: 10.00%

=== Round 6 ===
  [Warm-up] Round 6/20. Training Global Model only.
  [Tier 1] Aggregating 7 weighted updates for Topic 0
  [Tier 2] Buffer full for Topic 0 (14). Aggregating...
  [Fusion] Re-injecting global knowledge into Topic Models (beta=0)...
Global Accuracy: 10.00%

=== Round 7 ===
  [Warm-up] Round 7/20. Training Global Model only.
  [Tier 1] Aggregating 11 weighted updates for Topic 0
  [Tier 2] Buffer full for Topic 0 (6). Aggregating...
  [Fusion] Re-injecting global knowledge into Topic Models (beta=0)...
Global Accuracy: 10.00%

=== Round 8 ===
  [Warm-up] Round 8/20. Training Global Model only.
  [Tier 1] Aggregating 11 weighted updates for Topic 0
  [Tier 2] Buffer full for Topic 0 (7). Aggregating...
  [Fusion] Re-injecting global knowledge into Topic Models (beta=0)...
Global Accuracy: 10.00%

=== Round 9 ===
  [Warm-up] Round 9/20. Training Global Model only.
  [Tier 1] Aggregating 11 weighted updates for Topic 0
  [Tier 2] Buffer full for Topic 0 (6). Aggregating...
  [Fusion] Re-injecting global knowledge into Topic Models (beta=0)...
Global Accuracy: 10.00%

=== Round 10 ===
  [Warm-up] Round 10/20. Training Global Model only.
  [Tier 1] Aggregating 10 weighted updates for Topic 0
  [Tier 2] Buffer full for Topic 0 (6). Aggregating...
  [Fusion] Re-injecting global knowledge into Topic Models (beta=0)...
Global Accuracy: 10.00%

=== Round 11 ===
  [Warm-up] Round 11/20. Training Global Model only.
  [Tier 1] Aggregating 11 weighted updates for Topic 0
  [Tier 2] Buffer full for Topic 0 (6). Aggregating...
  [Fusion] Re-injecting global knowledge into Topic Models (beta=0)...
