Logging to ./DoubleCluster/log/simulation_cifar10_alpha0.1_20260211_143614.log
Initializing Simulation with cifar10...
Loading cifar10 and partitioning...
Data loaded.
Initializing Topic Models with noise...
Server started. Training for 300 rounds.

=== Round 1 ===
  [Warm-up] Round 1/20. Training Global Model only.
  [Tier 1] Aggregating 16 weighted updates for Topic 0
  [Fusion] Re-injecting global knowledge into Topic Models (beta=0.05)...
Global Accuracy: 10.00%

=== Round 2 ===
  [Warm-up] Round 2/20. Training Global Model only.
  [Tier 1] Aggregating 11 weighted updates for Topic 0
  [Tier 2] Buffer full for Topic 0 (10). Aggregating...
  [Fusion] Re-injecting global knowledge into Topic Models (beta=0.05)...
Global Accuracy: 10.00%

=== Round 3 ===
  [Warm-up] Round 3/20. Training Global Model only.
  [Tier 1] Aggregating 13 weighted updates for Topic 0
  [Tier 2] Buffer full for Topic 0 (6). Aggregating...
  [Fusion] Re-injecting global knowledge into Topic Models (beta=0.05)...
Global Accuracy: 10.00%

=== Round 4 ===
  [Warm-up] Round 4/20. Training Global Model only.
  [Tier 1] Aggregating 11 weighted updates for Topic 0
  [Tier 2] Buffer full for Topic 0 (5). Aggregating...
  [Fusion] Re-injecting global knowledge into Topic Models (beta=0.05)...
Global Accuracy: 10.00%

=== Round 5 ===
  [Warm-up] Round 5/20. Training Global Model only.
  [Tier 1] Aggregating 14 weighted updates for Topic 0
  [Fusion] Re-injecting global knowledge into Topic Models (beta=0.05)...
Global Accuracy: 15.07%

=== Round 6 ===
  [Warm-up] Round 6/20. Training Global Model only.
  [Tier 1] Aggregating 7 weighted updates for Topic 0
  [Tier 2] Buffer full for Topic 0 (14). Aggregating...
  [Fusion] Re-injecting global knowledge into Topic Models (beta=0.05)...
Global Accuracy: 18.87%

=== Round 7 ===
  [Warm-up] Round 7/20. Training Global Model only.
  [Tier 1] Aggregating 11 weighted updates for Topic 0
  [Tier 2] Buffer full for Topic 0 (6). Aggregating...
  [Fusion] Re-injecting global knowledge into Topic Models (beta=0.05)...
Global Accuracy: 11.34%

=== Round 8 ===
  [Warm-up] Round 8/20. Training Global Model only.
  [Tier 1] Aggregating 11 weighted updates for Topic 0
  [Tier 2] Buffer full for Topic 0 (7). Aggregating...
  [Fusion] Re-injecting global knowledge into Topic Models (beta=0.05)...
Global Accuracy: 10.00%

=== Round 9 ===
  [Warm-up] Round 9/20. Training Global Model only.
  [Tier 1] Aggregating 11 weighted updates for Topic 0
  [Tier 2] Buffer full for Topic 0 (6). Aggregating...
  [Fusion] Re-injecting global knowledge into Topic Models (beta=0.05)...
Global Accuracy: 10.00%

=== Round 10 ===
  [Warm-up] Round 10/20. Training Global Model only.
  [Tier 1] Aggregating 10 weighted updates for Topic 0
  [Tier 2] Buffer full for Topic 0 (6). Aggregating...
  [Fusion] Re-injecting global knowledge into Topic Models (beta=0.05)...
Global Accuracy: 10.00%

=== Round 11 ===
  [Warm-up] Round 11/20. Training Global Model only.
  [Tier 1] Aggregating 11 weighted updates for Topic 0
  [Tier 2] Buffer full for Topic 0 (6). Aggregating...
  [Fusion] Re-injecting global knowledge into Topic Models (beta=0.05)...
Global Accuracy: 10.00%

=== Round 12 ===
  [Warm-up] Round 12/20. Training Global Model only.
  [Tier 1] Aggregating 13 weighted updates for Topic 0
  [Tier 2] Buffer full for Topic 0 (6). Aggregating...
  [Fusion] Re-injecting global knowledge into Topic Models (beta=0.05)...
Global Accuracy: 10.00%

=== Round 13 ===
  [Warm-up] Round 13/20. Training Global Model only.
  [Tier 1] Aggregating 15 weighted updates for Topic 0
  [Fusion] Re-injecting global knowledge into Topic Models (beta=0.05)...
Global Accuracy: 21.90%

=== Round 14 ===
  [Warm-up] Round 14/20. Training Global Model only.
  [Tier 1] Aggregating 14 weighted updates for Topic 0
  [Tier 2] Buffer full for Topic 0 (8). Aggregating...
  [Tier 3] Client 43 update (w=1.00) arrived for Topic 0. Staleness: 12
  [Fusion] Re-injecting global knowledge into Topic Models (beta=0.05)...
Global Accuracy: 10.00%

=== Round 15 ===
  [Warm-up] Round 15/20. Training Global Model only.
  [Tier 1] Aggregating 14 weighted updates for Topic 0
  [Tier 3] Client 42 update (w=1.00) arrived for Topic 0. Staleness: 14
  [Fusion] Re-injecting global knowledge into Topic Models (beta=0.05)...
Global Accuracy: 28.19%

=== Round 16 ===
  [Warm-up] Round 16/20. Training Global Model only.

Simulation interrupted by user.
