Logging to ./log/simulation_cifar10_alpha0.5_20260210_220555.log
Initializing Simulation with cifar10...
Loading cifar10 and partitioning...
Data loaded.
Initializing Topic Models with noise...
Server started. Training for 250 rounds.

=== Round 1 ===
  [Warm-up] Round 1/20. Training Global Model only.
  [Fusion] Re-injecting global knowledge into Topic Models (beta=0.5)...
Global Accuracy: 9.97%

=== Round 2 ===
  [Warm-up] Round 2/20. Training Global Model only.
  [Fusion] Re-injecting global knowledge into Topic Models (beta=0.5)...
Global Accuracy: 9.97%

=== Round 3 ===
  [Warm-up] Round 3/20. Training Global Model only.
  [Fusion] Re-injecting global knowledge into Topic Models (beta=0.5)...
Global Accuracy: 9.97%

=== Round 4 ===
  [Warm-up] Round 4/20. Training Global Model only.
  [Fusion] Re-injecting global knowledge into Topic Models (beta=0.5)...
Global Accuracy: 9.97%

=== Round 5 ===
  [Warm-up] Round 5/20. Training Global Model only.
  [Tier 1] Aggregating 1 updates for Topic 0
  [Fusion] Re-injecting global knowledge into Topic Models (beta=0.5)...
Global Accuracy: 13.46%

=== Round 6 ===
  [Warm-up] Round 6/20. Training Global Model only.
  [Fusion] Re-injecting global knowledge into Topic Models (beta=0.5)...
Global Accuracy: 13.46%

=== Round 7 ===
  [Warm-up] Round 7/20. Training Global Model only.
  [Tier 1] Aggregating 1 updates for Topic 0
  [Fusion] Re-injecting global knowledge into Topic Models (beta=0.5)...
Global Accuracy: 10.07%

=== Round 8 ===
  [Warm-up] Round 8/20. Training Global Model only.
  [Tier 2] Buffer full for Topic 0 (5). Aggregating...
  [Fusion] Re-injecting global knowledge into Topic Models (beta=0.5)...
Global Accuracy: 10.00%

=== Round 9 ===
  [Warm-up] Round 9/20. Training Global Model only.
  [Tier 1] Aggregating 1 updates for Topic 0
  [Fusion] Re-injecting global knowledge into Topic Models (beta=0.5)...
Global Accuracy: 10.84%

=== Round 10 ===
  [Warm-up] Round 10/20. Training Global Model only.
  [Tier 1] Aggregating 1 updates for Topic 0
  [Fusion] Re-injecting global knowledge into Topic Models (beta=0.5)...
Global Accuracy: 12.02%

=== Round 11 ===
  [Warm-up] Round 11/20. Training Global Model only.
  [Fusion] Re-injecting global knowledge into Topic Models (beta=0.5)...
Global Accuracy: 12.02%

=== Round 12 ===
  [Warm-up] Round 12/20. Training Global Model only.
  [Tier 1] Aggregating 1 updates for Topic 0
  [Fusion] Re-injecting global knowledge into Topic Models (beta=0.5)...
Global Accuracy: 12.64%

=== Round 13 ===
  [Warm-up] Round 13/20. Training Global Model only.
  [Fusion] Re-injecting global knowledge into Topic Models (beta=0.5)...
Global Accuracy: 12.64%

=== Round 14 ===
  [Warm-up] Round 14/20. Training Global Model only.
  [Tier 1] Aggregating 1 updates for Topic 0
  [Fusion] Re-injecting global knowledge into Topic Models (beta=0.5)...
Global Accuracy: 15.84%

=== Round 15 ===
  [Warm-up] Round 15/20. Training Global Model only.
  [Tier 1] Aggregating 1 updates for Topic 0
  [Fusion] Re-injecting global knowledge into Topic Models (beta=0.5)...
Global Accuracy: 20.15%

=== Round 16 ===
  [Warm-up] Round 16/20. Training Global Model only.
  [Fusion] Re-injecting global knowledge into Topic Models (beta=0.5)...
Global Accuracy: 20.15%

=== Round 17 ===
  [Warm-up] Round 17/20. Training Global Model only.
  [Fusion] Re-injecting global knowledge into Topic Models (beta=0.5)...
Global Accuracy: 20.15%

=== Round 18 ===
  [Warm-up] Round 18/20. Training Global Model only.
  [Tier 2] Buffer full for Topic 0 (5). Aggregating...
  [Fusion] Re-injecting global knowledge into Topic Models (beta=0.5)...
Global Accuracy: 16.46%

=== Round 19 ===
  [Warm-up] Round 19/20. Training Global Model only.
  [Tier 1] Aggregating 1 updates for Topic 0
  [Fusion] Re-injecting global knowledge into Topic Models (beta=0.5)...
Global Accuracy: 10.75%

=== Round 20 ===
  [Warm-up] Round 20/20. Training Global Model only.
  [Fusion] Re-injecting global knowledge into Topic Models (beta=0.5)...
Global Accuracy: 10.75%

=== Round 21 ===
  [Fusion] Re-injecting global knowledge into Topic Models (beta=0.5)...
Global Accuracy: 10.75%

=== Round 22 ===
  [Tier 1] Aggregating 1 updates for Topic 0
  [Fusion] Re-injecting global knowledge into Topic Models (beta=0.5)...
Global Accuracy: 16.04%

=== Round 23 ===
  [Fusion] Re-injecting global knowledge into Topic Models (beta=0.5)...
Global Accuracy: 16.08%

=== Round 24 ===
  [Tier 1] Aggregating 1 updates for Topic 2
  [Fusion] Re-injecting global knowledge into Topic Models (beta=0.5)...
Global Accuracy: 16.18%

=== Round 25 ===
  [Tier 1] Aggregating 1 updates for Topic 0
  [Fusion] Re-injecting global knowledge into Topic Models (beta=0.5)...
Global Accuracy: 16.44%

=== Round 26 ===
  [Tier 1] Aggregating 1 updates for Topic 0
  [Fusion] Re-injecting global knowledge into Topic Models (beta=0.5)...
Global Accuracy: 18.23%

=== Round 27 ===
  [Tier 1] Aggregating 1 updates for Topic 0
  [Fusion] Re-injecting global knowledge into Topic Models (beta=0.5)...
Global Accuracy: 13.95%

=== Round 28 ===
  [Fusion] Re-injecting global knowledge into Topic Models (beta=0.5)...
Global Accuracy: 13.96%

=== Round 29 ===
  [Tier 3] Client 26 update arrived for Topic 0. Staleness: 23
  [Fusion] Re-injecting global knowledge into Topic Models (beta=0.5)...
Global Accuracy: 13.96%

=== Round 30 ===
  [Fusion] Re-injecting global knowledge into Topic Models (beta=0.5)...
Global Accuracy: 13.96%

=== Round 31 ===
  [Fusion] Re-injecting global knowledge into Topic Models (beta=0.5)...
Global Accuracy: 13.95%

=== Round 32 ===
  [Tier 1] Aggregating 1 updates for Topic 0
  [Fusion] Re-injecting global knowledge into Topic Models (beta=0.5)...
Global Accuracy: 14.92%

=== Round 33 ===
  [Tier 1] Aggregating 1 updates for Topic 0
  [Fusion] Re-injecting global knowledge into Topic Models (beta=0.5)...
Global Accuracy: 18.02%

=== Round 34 ===
  [Tier 1] Aggregating 1 updates for Topic 2
  [Fusion] Re-injecting global knowledge into Topic Models (beta=0.5)...
Global Accuracy: 18.05%

=== Round 35 ===
  [Tier 1] Aggregating 1 updates for Topic 0
  [Fusion] Re-injecting global knowledge into Topic Models (beta=0.5)...
Global Accuracy: 17.97%

=== Round 36 ===
  [Tier 1] Aggregating 1 updates for Topic 1
  [Fusion] Re-injecting global knowledge into Topic Models (beta=0.5)...
Global Accuracy: 17.99%

=== Round 37 ===
  [Fusion] Re-injecting global knowledge into Topic Models (beta=0.5)...
Global Accuracy: 17.96%

=== Round 38 ===
  [Fusion] Re-injecting global knowledge into Topic Models (beta=0.5)...
Global Accuracy: 17.96%

=== Round 39 ===
  [Tier 1] Aggregating 1 updates for Topic 1
  [Fusion] Re-injecting global knowledge into Topic Models (beta=0.5)...
Global Accuracy: 18.11%

=== Round 40 ===
  [Tier 1] Aggregating 1 updates for Topic 1
  [Fusion] Re-injecting global knowledge into Topic Models (beta=0.5)...
Global Accuracy: 17.64%

=== Round 41 ===
  [Tier 1] Aggregating 1 updates for Topic 1
  [Fusion] Re-injecting global knowledge into Topic Models (beta=0.5)...
Global Accuracy: 17.63%

=== Round 42 ===
  [Tier 2] Buffer full for Topic 0 (5). Aggregating...
  [Fusion] Re-injecting global knowledge into Topic Models (beta=0.5)...
Global Accuracy: 17.17%

=== Round 43 ===
  [Fusion] Re-injecting global knowledge into Topic Models (beta=0.5)...
Global Accuracy: 17.17%

=== Round 44 ===
  [Fusion] Re-injecting global knowledge into Topic Models (beta=0.5)...
Global Accuracy: 17.17%

=== Round 45 ===
  [Tier 1] Aggregating 1 updates for Topic 2
  [Fusion] Re-injecting global knowledge into Topic Models (beta=0.5)...
Global Accuracy: 17.88%

=== Round 46 ===
  [Tier 1] Aggregating 1 updates for Topic 0
  [Fusion] Re-injecting global knowledge into Topic Models (beta=0.5)...
Global Accuracy: 17.49%

=== Round 47 ===
  [Fusion] Re-injecting global knowledge into Topic Models (beta=0.5)...
Global Accuracy: 17.49%

=== Round 48 ===
  [Tier 1] Aggregating 1 updates for Topic 2
  [Fusion] Re-injecting global knowledge into Topic Models (beta=0.5)...
Global Accuracy: 18.15%

=== Round 49 ===
  [Tier 1] Aggregating 1 updates for Topic 0
  [Fusion] Re-injecting global knowledge into Topic Models (beta=0.5)...
Global Accuracy: 13.04%

=== Round 50 ===
>>> [Data Profiling] Updating Soft Clustering...
>>> [Clustering Round] Force Full Sampling to update prototypes...
  [Tier 2] Buffer full for Topic 2 (5). Aggregating...
  [Fusion] Re-injecting global knowledge into Topic Models (beta=0.5)...
Global Accuracy: 13.29%

=== Round 51 ===
  [Fusion] Re-injecting global knowledge into Topic Models (beta=0.5)...
Global Accuracy: 13.29%

=== Round 52 ===
  [Tier 1] Aggregating 1 updates for Topic 1
  [Fusion] Re-injecting global knowledge into Topic Models (beta=0.5)...
Global Accuracy: 13.19%

=== Round 53 ===
  [Fusion] Re-injecting global knowledge into Topic Models (beta=0.5)...
Global Accuracy: 13.20%

=== Round 54 ===
  [Tier 3] Client 91 update arrived for Topic 2. Staleness: 17
  [Fusion] Re-injecting global knowledge into Topic Models (beta=0.5)...
Global Accuracy: 13.21%

=== Round 55 ===
  [Tier 1] Aggregating 1 updates for Topic 2
  [Fusion] Re-injecting global knowledge into Topic Models (beta=0.5)...
Global Accuracy: 14.54%

=== Round 56 ===
  [Fusion] Re-injecting global knowledge into Topic Models (beta=0.5)...
Global Accuracy: 14.55%

=== Round 57 ===
  [Tier 1] Aggregating 1 updates for Topic 0
  [Tier 3] Client 7 update arrived for Topic 0. Staleness: 13
  [Fusion] Re-injecting global knowledge into Topic Models (beta=0.5)...
Global Accuracy: 20.26%

=== Round 58 ===
  [Fusion] Re-injecting global knowledge into Topic Models (beta=0.5)...
Global Accuracy: 20.20%

=== Round 59 ===
  [Fusion] Re-injecting global knowledge into Topic Models (beta=0.5)...
Global Accuracy: 20.18%

=== Round 60 ===
  [Fusion] Re-injecting global knowledge into Topic Models (beta=0.5)...
Global Accuracy: 20.18%

=== Round 61 ===
  [Tier 1] Aggregating 1 updates for Topic 2
  [Fusion] Re-injecting global knowledge into Topic Models (beta=0.5)...
Global Accuracy: 21.69%

=== Round 62 ===
  [Tier 1] Aggregating 1 updates for Topic 1
  [Fusion] Re-injecting global knowledge into Topic Models (beta=0.5)...
Global Accuracy: 22.52%

=== Round 63 ===
  [Tier 1] Aggregating 1 updates for Topic 0
  [Fusion] Re-injecting global knowledge into Topic Models (beta=0.5)...
Global Accuracy: 18.99%

=== Round 64 ===
  [Tier 1] Aggregating 1 updates for Topic 2
  [Fusion] Re-injecting global knowledge into Topic Models (beta=0.5)...
Global Accuracy: 22.58%

=== Round 65 ===
  [Tier 1] Aggregating 1 updates for Topic 1
  [Tier 3] Client 53 update arrived for Topic 0. Staleness: 18
  [Fusion] Re-injecting global knowledge into Topic Models (beta=0.5)...
Global Accuracy: 22.65%

=== Round 66 ===
  [Tier 1] Aggregating 1 updates for Topic 2
  [Fusion] Re-injecting global knowledge into Topic Models (beta=0.5)...
Global Accuracy: 25.23%

=== Round 67 ===
  [Tier 1] Aggregating 1 updates for Topic 2
  [Fusion] Re-injecting global knowledge into Topic Models (beta=0.5)...
Global Accuracy: 23.56%

=== Round 68 ===
  [Fusion] Re-injecting global knowledge into Topic Models (beta=0.5)...
Global Accuracy: 23.67%

=== Round 69 ===
  [Fusion] Re-injecting global knowledge into Topic Models (beta=0.5)...
Global Accuracy: 23.67%

=== Round 70 ===
  [Fusion] Re-injecting global knowledge into Topic Models (beta=0.5)...
Global Accuracy: 23.67%

=== Round 71 ===
  [Tier 1] Aggregating 1 updates for Topic 1
  [Fusion] Re-injecting global knowledge into Topic Models (beta=0.5)...
Global Accuracy: 24.52%

=== Round 72 ===
  [Fusion] Re-injecting global knowledge into Topic Models (beta=0.5)...
Global Accuracy: 24.63%

=== Round 73 ===
  [Tier 2] Buffer full for Topic 0 (5). Aggregating...
  [Fusion] Re-injecting global knowledge into Topic Models (beta=0.5)...
Global Accuracy: 19.03%

=== Round 74 ===
  [Tier 1] Aggregating 1 updates for Topic 2
  [Fusion] Re-injecting global knowledge into Topic Models (beta=0.5)...
Global Accuracy: 19.56%

=== Round 75 ===
  [Tier 3] Client 68 update arrived for Topic 2. Staleness: 21
  [Fusion] Re-injecting global knowledge into Topic Models (beta=0.5)...
Global Accuracy: 19.62%

=== Round 76 ===
  [Tier 1] Aggregating 1 updates for Topic 1
  [Fusion] Re-injecting global knowledge into Topic Models (beta=0.5)...
Global Accuracy: 20.13%

=== Round 77 ===
  [Tier 1] Aggregating 1 updates for Topic 0
  [Fusion] Re-injecting global knowledge into Topic Models (beta=0.5)...
Global Accuracy: 26.85%

=== Round 78 ===
  [Tier 1] Aggregating 1 updates for Topic 1
  [Fusion] Re-injecting global knowledge into Topic Models (beta=0.5)...
Global Accuracy: 27.87%

=== Round 79 ===
  [Fusion] Re-injecting global knowledge into Topic Models (beta=0.5)...
Global Accuracy: 27.87%

=== Round 80 ===
  [Tier 1] Aggregating 1 updates for Topic 2
  [Fusion] Re-injecting global knowledge into Topic Models (beta=0.5)...
Global Accuracy: 29.41%

=== Round 81 ===
  [Fusion] Re-injecting global knowledge into Topic Models (beta=0.5)...
Global Accuracy: 29.36%

=== Round 82 ===
  [Tier 1] Aggregating 1 updates for Topic 2
  [Fusion] Re-injecting global knowledge into Topic Models (beta=0.5)...
Global Accuracy: 26.54%

=== Round 83 ===
  [Tier 1] Aggregating 1 updates for Topic 0
  [Fusion] Re-injecting global knowledge into Topic Models (beta=0.5)...
Global Accuracy: 21.67%

=== Round 84 ===
  [Tier 2] Buffer full for Topic 2 (5). Aggregating...
  [Fusion] Re-injecting global knowledge into Topic Models (beta=0.5)...
Global Accuracy: 23.49%

=== Round 85 ===
  [Fusion] Re-injecting global knowledge into Topic Models (beta=0.5)...
Global Accuracy: 23.57%

=== Round 86 ===
  [Fusion] Re-injecting global knowledge into Topic Models (beta=0.5)...
Global Accuracy: 23.57%

=== Round 87 ===
  [Tier 1] Aggregating 1 updates for Topic 1
  [Fusion] Re-injecting global knowledge into Topic Models (beta=0.5)...
Global Accuracy: 23.18%

=== Round 88 ===
  [Fusion] Re-injecting global knowledge into Topic Models (beta=0.5)...
Global Accuracy: 23.21%

=== Round 89 ===
  [Tier 1] Aggregating 1 updates for Topic 0
  [Fusion] Re-injecting global knowledge into Topic Models (beta=0.5)...
Global Accuracy: 19.28%

=== Round 90 ===
  [Tier 2] Buffer full for Topic 1 (5). Aggregating...
  [Fusion] Re-injecting global knowledge into Topic Models (beta=0.5)...
Global Accuracy: 19.14%

=== Round 91 ===
  [Tier 1] Aggregating 1 updates for Topic 0
  [Fusion] Re-injecting global knowledge into Topic Models (beta=0.5)...
Global Accuracy: 17.36%

=== Round 92 ===
  [Tier 3] Client 53 update arrived for Topic 0. Staleness: 23
  [Fusion] Re-injecting global knowledge into Topic Models (beta=0.5)...
Global Accuracy: 17.36%

=== Round 93 ===
  [Tier 1] Aggregating 1 updates for Topic 2
  [Fusion] Re-injecting global knowledge into Topic Models (beta=0.5)...
Global Accuracy: 21.36%

=== Round 94 ===
  [Fusion] Re-injecting global knowledge into Topic Models (beta=0.5)...
Global Accuracy: 21.38%

=== Round 95 ===
  [Tier 1] Aggregating 1 updates for Topic 1
  [Fusion] Re-injecting global knowledge into Topic Models (beta=0.5)...
Global Accuracy: 22.47%

=== Round 96 ===
  [Tier 3] Client 19 update arrived for Topic 0. Staleness: 17
  [Fusion] Re-injecting global knowledge into Topic Models (beta=0.5)...
Global Accuracy: 22.48%

=== Round 97 ===
  [Tier 1] Aggregating 1 updates for Topic 2
  [Fusion] Re-injecting global knowledge into Topic Models (beta=0.5)...
Global Accuracy: 23.22%

=== Round 98 ===
  [Fusion] Re-injecting global knowledge into Topic Models (beta=0.5)...
Global Accuracy: 23.24%

=== Round 99 ===
  [Tier 1] Aggregating 1 updates for Topic 2
  [Fusion] Re-injecting global knowledge into Topic Models (beta=0.5)...
Global Accuracy: 26.91%

=== Round 100 ===
>>> [Data Profiling] Updating Soft Clustering...
>>> [Clustering Round] Force Full Sampling to update prototypes...
  [Tier 1] Aggregating 1 updates for Topic 2
  [Fusion] Re-injecting global knowledge into Topic Models (beta=0.5)...
Global Accuracy: 27.50%

=== Round 101 ===
  [Tier 1] Aggregating 1 updates for Topic 0
  [Fusion] Re-injecting global knowledge into Topic Models (beta=0.5)...
Global Accuracy: 19.85%

=== Round 102 ===
  [Fusion] Re-injecting global knowledge into Topic Models (beta=0.5)...
Global Accuracy: 19.95%

=== Round 103 ===
  [Fusion] Re-injecting global knowledge into Topic Models (beta=0.5)...
Global Accuracy: 19.95%

=== Round 104 ===
  [Tier 3] Client 29 update arrived for Topic 2. Staleness: 16
  [Fusion] Re-injecting global knowledge into Topic Models (beta=0.5)...
Global Accuracy: 19.94%

=== Round 105 ===
  [Fusion] Re-injecting global knowledge into Topic Models (beta=0.5)...
Global Accuracy: 19.92%

=== Round 106 ===
  [Tier 1] Aggregating 1 updates for Topic 1
  [Fusion] Re-injecting global knowledge into Topic Models (beta=0.5)...
Global Accuracy: 21.90%

=== Round 107 ===
  [Fusion] Re-injecting global knowledge into Topic Models (beta=0.5)...
Global Accuracy: 21.89%

=== Round 108 ===
  [Tier 2] Buffer full for Topic 2 (5). Aggregating...
  [Fusion] Re-injecting global knowledge into Topic Models (beta=0.5)...
Global Accuracy: 22.29%

=== Round 109 ===
  [Tier 1] Aggregating 1 updates for Topic 2
  [Fusion] Re-injecting global knowledge into Topic Models (beta=0.5)...
Global Accuracy: 25.33%

=== Round 110 ===
  [Fusion] Re-injecting global knowledge into Topic Models (beta=0.5)...
Global Accuracy: 25.34%

=== Round 111 ===
  [Fusion] Re-injecting global knowledge into Topic Models (beta=0.5)...
Global Accuracy: 25.34%

=== Round 112 ===
  [Fusion] Re-injecting global knowledge into Topic Models (beta=0.5)...
Global Accuracy: 25.34%

=== Round 113 ===
  [Tier 1] Aggregating 1 updates for Topic 2
  [Fusion] Re-injecting global knowledge into Topic Models (beta=0.5)...
Global Accuracy: 23.63%

=== Round 114 ===
  [Fusion] Re-injecting global knowledge into Topic Models (beta=0.5)...
Global Accuracy: 23.64%

=== Round 115 ===
  [Fusion] Re-injecting global knowledge into Topic Models (beta=0.5)...
Global Accuracy: 23.64%

=== Round 116 ===
  [Fusion] Re-injecting global knowledge into Topic Models (beta=0.5)...
Global Accuracy: 23.60%

=== Round 117 ===
  [Fusion] Re-injecting global knowledge into Topic Models (beta=0.5)...
Global Accuracy: 23.61%

=== Round 118 ===
  [Tier 2] Buffer full for Topic 0 (5). Aggregating...
  [Fusion] Re-injecting global knowledge into Topic Models (beta=0.5)...
Global Accuracy: 26.79%

=== Round 119 ===
  [Fusion] Re-injecting global knowledge into Topic Models (beta=0.5)...
Global Accuracy: 26.79%

=== Round 120 ===
  [Fusion] Re-injecting global knowledge into Topic Models (beta=0.5)...
Global Accuracy: 26.79%

=== Round 121 ===
  [Fusion] Re-injecting global knowledge into Topic Models (beta=0.5)...
Global Accuracy: 26.79%

=== Round 122 ===
  [Tier 1] Aggregating 1 updates for Topic 2
  [Fusion] Re-injecting global knowledge into Topic Models (beta=0.5)...
Global Accuracy: 27.17%

=== Round 123 ===
  [Tier 2] Buffer full for Topic 1 (5). Aggregating...
  [Tier 3] Client 91 update arrived for Topic 1. Staleness: 21
  [Fusion] Re-injecting global knowledge into Topic Models (beta=0.5)...
Global Accuracy: 27.15%

=== Round 124 ===
  [Tier 1] Aggregating 1 updates for Topic 1
  [Tier 3] Client 26 update arrived for Topic 0. Staleness: 21
  [Fusion] Re-injecting global knowledge into Topic Models (beta=0.5)...
Global Accuracy: 30.14%

=== Round 125 ===
  [Tier 1] Aggregating 1 updates for Topic 2
  [Fusion] Re-injecting global knowledge into Topic Models (beta=0.5)...
Global Accuracy: 24.95%

=== Round 126 ===
  [Fusion] Re-injecting global knowledge into Topic Models (beta=0.5)...
Global Accuracy: 24.98%

=== Round 127 ===
  [Tier 3] Client 26 update arrived for Topic 1. Staleness: 12
  [Fusion] Re-injecting global knowledge into Topic Models (beta=0.5)...
Global Accuracy: 25.02%

=== Round 128 ===
  [Fusion] Re-injecting global knowledge into Topic Models (beta=0.5)...
Global Accuracy: 25.02%

=== Round 129 ===
  [Tier 1] Aggregating 1 updates for Topic 2
  [Fusion] Re-injecting global knowledge into Topic Models (beta=0.5)...
Global Accuracy: 25.84%

=== Round 130 ===
  [Tier 1] Aggregating 1 updates for Topic 0
  [Fusion] Re-injecting global knowledge into Topic Models (beta=0.5)...
Global Accuracy: 24.90%

=== Round 131 ===
  [Tier 1] Aggregating 1 updates for Topic 1
  [Fusion] Re-injecting global knowledge into Topic Models (beta=0.5)...
Global Accuracy: 28.10%

=== Round 132 ===
  [Tier 1] Aggregating 1 updates for Topic 0
  [Fusion] Re-injecting global knowledge into Topic Models (beta=0.5)...
Global Accuracy: 25.48%

=== Round 133 ===
  [Fusion] Re-injecting global knowledge into Topic Models (beta=0.5)...
Global Accuracy: 25.64%

=== Round 134 ===
  [Fusion] Re-injecting global knowledge into Topic Models (beta=0.5)...
Global Accuracy: 25.64%

=== Round 135 ===
  [Tier 2] Buffer full for Topic 2 (5). Aggregating...
  [Fusion] Re-injecting global knowledge into Topic Models (beta=0.5)...
Global Accuracy: 28.32%

=== Round 136 ===
  [Tier 1] Aggregating 1 updates for Topic 0
  [Fusion] Re-injecting global knowledge into Topic Models (beta=0.5)...
Global Accuracy: 28.52%

=== Round 137 ===
  [Fusion] Re-injecting global knowledge into Topic Models (beta=0.5)...
Global Accuracy: 28.50%

=== Round 138 ===
  [Tier 1] Aggregating 1 updates for Topic 1
  [Fusion] Re-injecting global knowledge into Topic Models (beta=0.5)...
Global Accuracy: 24.43%

=== Round 139 ===
  [Tier 1] Aggregating 1 updates for Topic 0
  [Fusion] Re-injecting global knowledge into Topic Models (beta=0.5)...
Global Accuracy: 33.07%

=== Round 140 ===
  [Fusion] Re-injecting global knowledge into Topic Models (beta=0.5)...
Global Accuracy: 33.09%

=== Round 141 ===
  [Tier 3] Client 19 update arrived for Topic 2. Staleness: 25
  [Fusion] Re-injecting global knowledge into Topic Models (beta=0.5)...
Global Accuracy: 33.09%

=== Round 142 ===
  [Tier 1] Aggregating 1 updates for Topic 2
  [Tier 3] Client 0 update arrived for Topic 1. Staleness: 21
  [Fusion] Re-injecting global knowledge into Topic Models (beta=0.5)...
Global Accuracy: 34.52%

=== Round 143 ===
  [Tier 1] Aggregating 1 updates for Topic 2
  [Fusion] Re-injecting global knowledge into Topic Models (beta=0.5)...
Global Accuracy: 33.93%

=== Round 144 ===
  [Fusion] Re-injecting global knowledge into Topic Models (beta=0.5)...
Global Accuracy: 33.85%

=== Round 145 ===
  [Fusion] Re-injecting global knowledge into Topic Models (beta=0.5)...
Global Accuracy: 33.84%

=== Round 146 ===
  [Tier 3] Client 91 update arrived for Topic 1. Staleness: 27
  [Fusion] Re-injecting global knowledge into Topic Models (beta=0.5)...
Global Accuracy: 33.81%

=== Round 147 ===
  [Tier 1] Aggregating 1 updates for Topic 1
  [Fusion] Re-injecting global knowledge into Topic Models (beta=0.5)...
Global Accuracy: 32.74%

=== Round 148 ===
  [Fusion] Re-injecting global knowledge into Topic Models (beta=0.5)...
Global Accuracy: 32.74%

=== Round 149 ===
  [Tier 1] Aggregating 1 updates for Topic 0
  [Fusion] Re-injecting global knowledge into Topic Models (beta=0.5)...
Global Accuracy: 26.63%

=== Round 150 ===
>>> [Data Profiling] Updating Soft Clustering...
>>> [Clustering Round] Force Full Sampling to update prototypes...
  [Fusion] Re-injecting global knowledge into Topic Models (beta=0.5)...
Global Accuracy: 26.63%

=== Round 151 ===
  [Fusion] Re-injecting global knowledge into Topic Models (beta=0.5)...
Global Accuracy: 26.63%

=== Round 152 ===
  [Tier 1] Aggregating 1 updates for Topic 2
  [Fusion] Re-injecting global knowledge into Topic Models (beta=0.5)...
Global Accuracy: 27.54%

=== Round 153 ===
  [Fusion] Re-injecting global knowledge into Topic Models (beta=0.5)...
Global Accuracy: 27.49%

=== Round 154 ===
  [Tier 1] Aggregating 1 updates for Topic 2
  [Fusion] Re-injecting global knowledge into Topic Models (beta=0.5)...
Global Accuracy: 31.26%

=== Round 155 ===
  [Tier 1] Aggregating 1 updates for Topic 0
  [Fusion] Re-injecting global knowledge into Topic Models (beta=0.5)...
Global Accuracy: 30.93%

=== Round 156 ===
  [Tier 1] Aggregating 1 updates for Topic 1
  [Fusion] Re-injecting global knowledge into Topic Models (beta=0.5)...
Global Accuracy: 33.95%

=== Round 157 ===
  [Tier 2] Buffer full for Topic 2 (5). Aggregating...
  [Fusion] Re-injecting global knowledge into Topic Models (beta=0.5)...
Global Accuracy: 32.10%

=== Round 158 ===
  [Tier 2] Buffer full for Topic 0 (5). Aggregating...
  [Fusion] Re-injecting global knowledge into Topic Models (beta=0.5)...
Global Accuracy: 33.87%

=== Round 159 ===
  [Fusion] Re-injecting global knowledge into Topic Models (beta=0.5)...
Global Accuracy: 33.89%

=== Round 160 ===
  [Fusion] Re-injecting global knowledge into Topic Models (beta=0.5)...
Global Accuracy: 33.91%

=== Round 161 ===
  [Tier 1] Aggregating 1 updates for Topic 2
  [Fusion] Re-injecting global knowledge into Topic Models (beta=0.5)...
Global Accuracy: 27.69%

=== Round 162 ===
  [Tier 1] Aggregating 1 updates for Topic 2
  [Fusion] Re-injecting global knowledge into Topic Models (beta=0.5)...
Global Accuracy: 30.02%

=== Round 163 ===
  [Tier 1] Aggregating 1 updates for Topic 1
  [Tier 3] Client 72 update arrived for Topic 0. Staleness: 13
  [Fusion] Re-injecting global knowledge into Topic Models (beta=0.5)...
Global Accuracy: 34.44%

=== Round 164 ===
  [Tier 1] Aggregating 1 updates for Topic 1
  [Fusion] Re-injecting global knowledge into Topic Models (beta=0.5)...
Global Accuracy: 29.89%

=== Round 165 ===
  [Tier 1] Aggregating 1 updates for Topic 1
  [Fusion] Re-injecting global knowledge into Topic Models (beta=0.5)...
Global Accuracy: 31.58%

=== Round 166 ===
  [Tier 1] Aggregating 1 updates for Topic 2
  [Fusion] Re-injecting global knowledge into Topic Models (beta=0.5)...
Global Accuracy: 30.82%

=== Round 167 ===
  [Tier 2] Buffer full for Topic 1 (5). Aggregating...
  [Fusion] Re-injecting global knowledge into Topic Models (beta=0.5)...
Global Accuracy: 31.53%

=== Round 168 ===
  [Tier 1] Aggregating 1 updates for Topic 0
  [Fusion] Re-injecting global knowledge into Topic Models (beta=0.5)...
Global Accuracy: 17.27%

=== Round 169 ===
  [Tier 1] Aggregating 1 updates for Topic 1
  [Fusion] Re-injecting global knowledge into Topic Models (beta=0.5)...
Global Accuracy: 20.26%

=== Round 170 ===
  [Tier 1] Aggregating 1 updates for Topic 0
  [Fusion] Re-injecting global knowledge into Topic Models (beta=0.5)...
Global Accuracy: 23.12%

=== Round 171 ===
  [Tier 1] Aggregating 1 updates for Topic 2
  [Fusion] Re-injecting global knowledge into Topic Models (beta=0.5)...
Global Accuracy: 24.39%

=== Round 172 ===
  [Tier 1] Aggregating 1 updates for Topic 0
  [Fusion] Re-injecting global knowledge into Topic Models (beta=0.5)...
Global Accuracy: 20.12%

=== Round 173 ===
  [Tier 1] Aggregating 1 updates for Topic 0
  [Tier 3] Client 0 update arrived for Topic 1. Staleness: 22
  [Fusion] Re-injecting global knowledge into Topic Models (beta=0.5)...
Global Accuracy: 28.61%

=== Round 174 ===
  [Tier 1] Aggregating 1 updates for Topic 1
  [Fusion] Re-injecting global knowledge into Topic Models (beta=0.5)...
Global Accuracy: 28.03%

=== Round 175 ===
  [Tier 1] Aggregating 1 updates for Topic 1
  [Fusion] Re-injecting global knowledge into Topic Models (beta=0.5)...
Global Accuracy: 28.19%

=== Round 176 ===
  [Tier 1] Aggregating 1 updates for Topic 1
  [Fusion] Re-injecting global knowledge into Topic Models (beta=0.5)...
Global Accuracy: 27.29%

=== Round 177 ===
  [Tier 1] Aggregating 1 updates for Topic 0
  [Fusion] Re-injecting global knowledge into Topic Models (beta=0.5)...
Global Accuracy: 30.50%

=== Round 178 ===
  [Tier 1] Aggregating 1 updates for Topic 0
  [Fusion] Re-injecting global knowledge into Topic Models (beta=0.5)...
Global Accuracy: 34.75%

=== Round 179 ===
  [Tier 1] Aggregating 1 updates for Topic 2
  [Fusion] Re-injecting global knowledge into Topic Models (beta=0.5)...
Global Accuracy: 30.39%

=== Round 180 ===
  [Tier 1] Aggregating 1 updates for Topic 2
  [Fusion] Re-injecting global knowledge into Topic Models (beta=0.5)...
Global Accuracy: 31.32%

=== Round 181 ===
  [Fusion] Re-injecting global knowledge into Topic Models (beta=0.5)...
Global Accuracy: 31.31%

=== Round 182 ===
  [Tier 1] Aggregating 1 updates for Topic 2
  [Fusion] Re-injecting global knowledge into Topic Models (beta=0.5)...
Global Accuracy: 32.41%

=== Round 183 ===
  [Fusion] Re-injecting global knowledge into Topic Models (beta=0.5)...
Global Accuracy: 32.46%

=== Round 184 ===
  [Tier 1] Aggregating 1 updates for Topic 0
  [Fusion] Re-injecting global knowledge into Topic Models (beta=0.5)...
Global Accuracy: 31.48%

=== Round 185 ===
  [Tier 1] Aggregating 1 updates for Topic 1
  [Fusion] Re-injecting global knowledge into Topic Models (beta=0.5)...
Global Accuracy: 32.55%

=== Round 186 ===
  [Tier 1] Aggregating 1 updates for Topic 0
  [Fusion] Re-injecting global knowledge into Topic Models (beta=0.5)...
Global Accuracy: 32.43%

=== Round 187 ===
  [Tier 1] Aggregating 1 updates for Topic 0
  [Fusion] Re-injecting global knowledge into Topic Models (beta=0.5)...
Global Accuracy: 33.46%

=== Round 188 ===
  [Tier 1] Aggregating 1 updates for Topic 0
  [Fusion] Re-injecting global knowledge into Topic Models (beta=0.5)...
Global Accuracy: 35.06%

=== Round 189 ===
  [Tier 1] Aggregating 1 updates for Topic 2
  [Fusion] Re-injecting global knowledge into Topic Models (beta=0.5)...
Global Accuracy: 38.36%

=== Round 190 ===
  [Tier 1] Aggregating 1 updates for Topic 2
  [Fusion] Re-injecting global knowledge into Topic Models (beta=0.5)...
Global Accuracy: 36.07%

=== Round 191 ===
  [Fusion] Re-injecting global knowledge into Topic Models (beta=0.5)...
Global Accuracy: 36.03%

=== Round 192 ===
  [Tier 1] Aggregating 1 updates for Topic 0
  [Fusion] Re-injecting global knowledge into Topic Models (beta=0.5)...
Global Accuracy: 32.90%

=== Round 193 ===
  [Tier 1] Aggregating 1 updates for Topic 0
  [Fusion] Re-injecting global knowledge into Topic Models (beta=0.5)...
Global Accuracy: 26.40%

=== Round 194 ===
  [Tier 1] Aggregating 1 updates for Topic 1
  [Fusion] Re-injecting global knowledge into Topic Models (beta=0.5)...
Global Accuracy: 24.85%

=== Round 195 ===
  [Fusion] Re-injecting global knowledge into Topic Models (beta=0.5)...
Global Accuracy: 24.85%

=== Round 196 ===
  [Tier 1] Aggregating 1 updates for Topic 1
  [Fusion] Re-injecting global knowledge into Topic Models (beta=0.5)...
Global Accuracy: 28.16%

=== Round 197 ===
  [Tier 1] Aggregating 1 updates for Topic 2
  [Fusion] Re-injecting global knowledge into Topic Models (beta=0.5)...
Global Accuracy: 28.75%

=== Round 198 ===
  [Fusion] Re-injecting global knowledge into Topic Models (beta=0.5)...
Global Accuracy: 28.68%

=== Round 199 ===
  [Fusion] Re-injecting global knowledge into Topic Models (beta=0.5)...
Global Accuracy: 28.66%

=== Round 200 ===
>>> [Data Profiling] Updating Soft Clustering...
>>> [Clustering Round] Force Full Sampling to update prototypes...
  [Tier 2] Buffer full for Topic 0 (5). Aggregating...
  [Fusion] Re-injecting global knowledge into Topic Models (beta=0.5)...
Global Accuracy: 29.45%

=== Round 201 ===

!!! LR Decay Triggered: 0.01 -> 0.001 !!!

  [Tier 1] Aggregating 1 updates for Topic 1
  [Fusion] Re-injecting global knowledge into Topic Models (beta=0.5)...
Global Accuracy: 29.79%

=== Round 202 ===
  [Tier 1] Aggregating 1 updates for Topic 2
  [Fusion] Re-injecting global knowledge into Topic Models (beta=0.5)...
Global Accuracy: 30.60%

=== Round 203 ===
  [Tier 2] Buffer full for Topic 2 (5). Aggregating...
  [Fusion] Re-injecting global knowledge into Topic Models (beta=0.5)...
Global Accuracy: 33.32%

=== Round 204 ===
  [Tier 1] Aggregating 1 updates for Topic 2
  [Fusion] Re-injecting global knowledge into Topic Models (beta=0.5)...
Global Accuracy: 34.59%

=== Round 205 ===
  [Fusion] Re-injecting global knowledge into Topic Models (beta=0.5)...
Global Accuracy: 34.61%

=== Round 206 ===
  [Fusion] Re-injecting global knowledge into Topic Models (beta=0.5)...
Global Accuracy: 34.60%

=== Round 207 ===
  [Fusion] Re-injecting global knowledge into Topic Models (beta=0.5)...
Global Accuracy: 34.59%

=== Round 208 ===
  [Tier 1] Aggregating 1 updates for Topic 2
  [Fusion] Re-injecting global knowledge into Topic Models (beta=0.5)...
Global Accuracy: 39.31%

=== Round 209 ===
  [Fusion] Re-injecting global knowledge into Topic Models (beta=0.5)...
Global Accuracy: 39.31%

=== Round 210 ===
  [Fusion] Re-injecting global knowledge into Topic Models (beta=0.5)...
Global Accuracy: 39.31%

=== Round 211 ===
  [Tier 1] Aggregating 1 updates for Topic 1
  [Fusion] Re-injecting global knowledge into Topic Models (beta=0.5)...
Global Accuracy: 39.10%

=== Round 212 ===
  [Fusion] Re-injecting global knowledge into Topic Models (beta=0.5)...
Global Accuracy: 39.11%

=== Round 213 ===
  [Fusion] Re-injecting global knowledge into Topic Models (beta=0.5)...
Global Accuracy: 39.10%

=== Round 214 ===
  [Tier 1] Aggregating 1 updates for Topic 2
  [Fusion] Re-injecting global knowledge into Topic Models (beta=0.5)...
Global Accuracy: 40.70%

=== Round 215 ===
  [Fusion] Re-injecting global knowledge into Topic Models (beta=0.5)...
Global Accuracy: 40.70%

=== Round 216 ===
  [Fusion] Re-injecting global knowledge into Topic Models (beta=0.5)...
Global Accuracy: 40.70%

=== Round 217 ===
  [Tier 1] Aggregating 1 updates for Topic 1
  [Fusion] Re-injecting global knowledge into Topic Models (beta=0.5)...
Global Accuracy: 40.80%

=== Round 218 ===
  [Tier 1] Aggregating 1 updates for Topic 0
  [Fusion] Re-injecting global knowledge into Topic Models (beta=0.5)...
Global Accuracy: 39.36%

=== Round 219 ===
  [Fusion] Re-injecting global knowledge into Topic Models (beta=0.5)...
Global Accuracy: 39.36%

=== Round 220 ===
  [Tier 1] Aggregating 1 updates for Topic 2
  [Fusion] Re-injecting global knowledge into Topic Models (beta=0.5)...
Global Accuracy: 38.13%

=== Round 221 ===
  [Tier 1] Aggregating 1 updates for Topic 1
  [Fusion] Re-injecting global knowledge into Topic Models (beta=0.5)...
Global Accuracy: 38.12%

=== Round 222 ===
  [Tier 1] Aggregating 1 updates for Topic 0
  [Fusion] Re-injecting global knowledge into Topic Models (beta=0.5)...
Global Accuracy: 38.72%

=== Round 223 ===
  [Tier 1] Aggregating 1 updates for Topic 2
  [Fusion] Re-injecting global knowledge into Topic Models (beta=0.5)...
Global Accuracy: 38.88%

=== Round 224 ===
  [Fusion] Re-injecting global knowledge into Topic Models (beta=0.5)...
Global Accuracy: 38.88%

=== Round 225 ===
  [Tier 1] Aggregating 1 updates for Topic 0
  [Tier 3] Client 29 update arrived for Topic 1. Staleness: 18
  [Fusion] Re-injecting global knowledge into Topic Models (beta=0.5)...
Global Accuracy: 37.03%

=== Round 226 ===
  [Tier 1] Aggregating 1 updates for Topic 2
  [Fusion] Re-injecting global knowledge into Topic Models (beta=0.5)...
Global Accuracy: 36.75%

=== Round 227 ===
  [Tier 3] Client 59 update arrived for Topic 1. Staleness: 18
  [Fusion] Re-injecting global knowledge into Topic Models (beta=0.5)...
Global Accuracy: 36.74%

=== Round 228 ===
  [Tier 1] Aggregating 1 updates for Topic 2
  [Fusion] Re-injecting global knowledge into Topic Models (beta=0.5)...
Global Accuracy: 37.66%

=== Round 229 ===
  [Tier 2] Buffer full for Topic 0 (5). Aggregating...
  [Fusion] Re-injecting global knowledge into Topic Models (beta=0.5)...
Global Accuracy: 38.93%

=== Round 230 ===
  [Tier 1] Aggregating 1 updates for Topic 1
  [Fusion] Re-injecting global knowledge into Topic Models (beta=0.5)...
Global Accuracy: 39.02%

=== Round 231 ===
  [Tier 1] Aggregating 1 updates for Topic 2
  [Fusion] Re-injecting global knowledge into Topic Models (beta=0.5)...
Global Accuracy: 41.45%

=== Round 232 ===
  [Fusion] Re-injecting global knowledge into Topic Models (beta=0.5)...
Global Accuracy: 41.37%

=== Round 233 ===
  [Fusion] Re-injecting global knowledge into Topic Models (beta=0.5)...
Global Accuracy: 41.37%

=== Round 234 ===
  [Tier 1] Aggregating 1 updates for Topic 2
  [Fusion] Re-injecting global knowledge into Topic Models (beta=0.5)...
Global Accuracy: 43.02%

=== Round 235 ===
  [Tier 3] Client 19 update arrived for Topic 2. Staleness: 16
  [Fusion] Re-injecting global knowledge into Topic Models (beta=0.5)...
Global Accuracy: 43.02%

=== Round 236 ===
  [Fusion] Re-injecting global knowledge into Topic Models (beta=0.5)...
Global Accuracy: 42.99%

=== Round 237 ===
  [Tier 1] Aggregating 1 updates for Topic 0
  [Tier 3] Client 72 update arrived for Topic 0. Staleness: 22
  [Fusion] Re-injecting global knowledge into Topic Models (beta=0.5)...
Global Accuracy: 43.32%

=== Round 238 ===
  [Fusion] Re-injecting global knowledge into Topic Models (beta=0.5)...
Global Accuracy: 43.32%

=== Round 239 ===
  [Tier 1] Aggregating 1 updates for Topic 1
  [Fusion] Re-injecting global knowledge into Topic Models (beta=0.5)...
Global Accuracy: 41.24%

=== Round 240 ===
  [Tier 1] Aggregating 1 updates for Topic 2
  [Fusion] Re-injecting global knowledge into Topic Models (beta=0.5)...
Global Accuracy: 40.33%

=== Round 241 ===
  [Tier 1] Aggregating 1 updates for Topic 1
  [Fusion] Re-injecting global knowledge into Topic Models (beta=0.5)...
Global Accuracy: 40.75%

=== Round 242 ===
  [Tier 1] Aggregating 1 updates for Topic 1
  [Fusion] Re-injecting global knowledge into Topic Models (beta=0.5)...
Global Accuracy: 40.78%

=== Round 243 ===
  [Tier 2] Buffer full for Topic 1 (5). Aggregating...
  [Fusion] Re-injecting global knowledge into Topic Models (beta=0.5)...
Global Accuracy: 41.30%

=== Round 244 ===
  [Fusion] Re-injecting global knowledge into Topic Models (beta=0.5)...
Global Accuracy: 41.29%

=== Round 245 ===
  [Tier 1] Aggregating 1 updates for Topic 2
  [Fusion] Re-injecting global knowledge into Topic Models (beta=0.5)...
Global Accuracy: 42.96%

=== Round 246 ===
  [Tier 1] Aggregating 1 updates for Topic 2
  [Fusion] Re-injecting global knowledge into Topic Models (beta=0.5)...
Global Accuracy: 43.03%

=== Round 247 ===
  [Tier 1] Aggregating 1 updates for Topic 1
  [Fusion] Re-injecting global knowledge into Topic Models (beta=0.5)...
Global Accuracy: 43.13%

=== Round 248 ===
  [Tier 3] Client 72 update arrived for Topic 0. Staleness: 21
  [Fusion] Re-injecting global knowledge into Topic Models (beta=0.5)...
Global Accuracy: 43.10%

=== Round 249 ===
  [Tier 1] Aggregating 1 updates for Topic 1
  [Fusion] Re-injecting global knowledge into Topic Models (beta=0.5)...
Global Accuracy: 43.25%

=== Round 250 ===
>>> [Data Profiling] Updating Soft Clustering...
>>> [Clustering Round] Force Full Sampling to update prototypes...
  [Tier 1] Aggregating 1 updates for Topic 0
  [Fusion] Re-injecting global knowledge into Topic Models (beta=0.5)...
Global Accuracy: 42.04%
